#
# There is insufficient memory for the Java Runtime Environment to continue.
# Native memory allocation (malloc) failed to allocate 1483872 bytes. Error detail: Chunk::new
# Possible reasons:
#   The system is out of physical RAM or swap space
#   This process is running with CompressedOops enabled, and the Java Heap may be blocking the growth of the native heap
# Possible solutions:
#   Reduce memory load on the system
#   Increase physical memory or swap space
#   Check if swap backing store is full
#   Decrease Java heap size (-Xmx/-Xms)
#   Decrease number of Java threads
#   Decrease Java thread stack sizes (-Xss)
#   Set larger code cache with -XX:ReservedCodeCacheSize=
#   JVM is running with Zero Based Compressed Oops mode in which the Java heap is
#     placed in the first 32GB address space. The Java Heap base address is the
#     maximum limit for the native heap growth. Please use -XX:HeapBaseMinAddress
#     to set the Java Heap base and to place the Java Heap above 32GB virtual address.
# This output file may be truncated or incomplete.
#
#  Out of Memory Error (arena.cpp:168), pid=27652, tid=27272
#
# JRE version: OpenJDK Runtime Environment Temurin-21.0.7+6 (21.0.7+6) (build 21.0.7+6-LTS)
# Java VM: OpenJDK 64-Bit Server VM Temurin-21.0.7+6 (21.0.7+6-LTS, mixed mode, sharing, tiered, compressed oops, compressed class ptrs, g1 gc, windows-amd64)
# No core dump will be written. Minidumps are not enabled by default on client versions of Windows
#

---------------  S U M M A R Y ------------

Command Line: --add-opens=java.base/java.lang=ALL-UNNAMED --add-opens=java.base/java.lang.invoke=ALL-UNNAMED --add-opens=java.base/java.util=ALL-UNNAMED --add-opens=java.prefs/java.util.prefs=ALL-UNNAMED --add-exports=jdk.compiler/com.sun.tools.javac.api=ALL-UNNAMED --add-exports=jdk.compiler/com.sun.tools.javac.util=ALL-UNNAMED --add-opens=java.base/java.util=ALL-UNNAMED --add-opens=java.prefs/java.util.prefs=ALL-UNNAMED --add-opens=java.base/java.nio.charset=ALL-UNNAMED --add-opens=java.base/java.net=ALL-UNNAMED --add-opens=java.base/java.util.concurrent.atomic=ALL-UNNAMED --add-opens=java.xml/javax.xml.namespace=ALL-UNNAMED -XX:MaxMetaspaceSize=4G -XX:ReservedCodeCacheSize=512m -XX:+HeapDumpOnOutOfMemoryError -Xmx8G -Dfile.encoding=UTF-8 -Duser.country=BR -Duser.language=pt -Duser.variant -javaagent:C:\Users\gabri\.gradle\wrapper\dists\gradle-8.12-all\ejduaidbjup3bmmkhw3rie4zb\gradle-8.12\lib\agents\gradle-instrumentation-agent-8.12.jar org.gradle.launcher.daemon.bootstrap.GradleDaemon 8.12

Host: AMD Ryzen 5 5600H with Radeon Graphics         , 12 cores, 15G,  Windows 11 , 64 bit Build 26100 (10.0.26100.4484)
Time: Thu Jul 10 08:15:35 2025 Hora oficial do Brasil elapsed time: 99.198114 seconds (0d 0h 1m 39s)

---------------  T H R E A D  ---------------

Current thread (0x00000147165d26a0):  JavaThread "C2 CompilerThread2" daemon [_thread_in_native, id=27272, stack(0x00000029f1000000,0x00000029f1100000) (1024K)]


Current CompileTask:
C2:99198 15141       4       org.gradle.api.internal.initialization.transform.InstrumentationAnalysisTransform$$Lambda/0x00000146cdd0fb58::visit (13 bytes)

Stack: [0x00000029f1000000,0x00000029f1100000]
Native frames: (J=compiled Java code, j=interpreted, Vv=VM code, C=native code)
V  [jvm.dll+0x6ce119]
V  [jvm.dll+0x8a84a1]
V  [jvm.dll+0x8aa9ce]
V  [jvm.dll+0x8ab0b3]
V  [jvm.dll+0x27f8a6]
V  [jvm.dll+0xc507d]
V  [jvm.dll+0xc55b3]
V  [jvm.dll+0x3b692c]
V  [jvm.dll+0x1e0029]
V  [jvm.dll+0x247c42]
V  [jvm.dll+0x2470cf]
V  [jvm.dll+0x1c760e]
V  [jvm.dll+0x25695a]
V  [jvm.dll+0x254efa]
V  [jvm.dll+0x3f03f6]
V  [jvm.dll+0x851f6b]
V  [jvm.dll+0x6cc7dd]
C  [ucrtbase.dll+0x37b0]
C  [KERNEL32.DLL+0x2e8d7]
C  [ntdll.dll+0x3c34c]


---------------  P R O C E S S  ---------------

Threads class SMR info:
_java_thread_list=0x0000014716dd7500, length=185, elements={
0x000001469b650440, 0x0000014711015040, 0x00000147110177b0, 0x000001471101c4f0,
0x000001471101fca0, 0x0000014711024590, 0x0000014711024bf0, 0x0000014711025580,
0x0000014711035b20, 0x00000146c91ab6e0, 0x0000014711316990, 0x0000014712b7db70,
0x0000014712c02840, 0x0000014712da38d0, 0x0000014712d47d20, 0x0000014712f6f110,
0x0000014712ca47b0, 0x0000014712cc1230, 0x0000014712d7cb60, 0x0000014712d7df30,
0x0000014712d85470, 0x0000014712d85b00, 0x0000014712d86190, 0x0000014712d82d10,
0x0000014712d840c0, 0x0000014712d84750, 0x0000014712d84de0, 0x0000014712d833a0,
0x0000014712d83a30, 0x0000014715a21b50, 0x0000014715a214c0, 0x0000014715a207a0,
0x0000014715a1f3f0, 0x0000014715a221e0, 0x0000014715a22870, 0x0000014715a1fa80,
0x0000014715a20110, 0x0000014715a23c20, 0x0000014715a242b0, 0x0000014715a25cf0,
0x0000014715a24940, 0x0000014715a25660, 0x0000014715a26380, 0x0000014715a23590,
0x0000014715a24fd0, 0x0000014715a26a10, 0x0000014711b9ad70, 0x0000014711b9a6e0,
0x0000014711b9b400, 0x0000014711b98ca0, 0x0000014711b9a050, 0x0000014711b9c7b0,
0x0000014711b9ba90, 0x0000014711b999c0, 0x0000014711b99330, 0x0000014711b9e1f0,
0x0000014711b9c120, 0x0000014711b9f5a0, 0x0000014711b9fc30, 0x0000014711ba02c0,
0x0000014711b9e880, 0x0000014711b9ce40, 0x0000014711b9d4d0, 0x0000014711b9db60,
0x0000014711b9ef10, 0x00000147120a2220, 0x00000147120a5010, 0x00000147120a2f40,
0x00000147120a35d0, 0x00000147120a56a0, 0x00000147120a28b0, 0x00000147120a5d30,
0x00000147120a63c0, 0x00000147120a70e0, 0x00000147120a3c60, 0x00000147120a7770,
0x00000147120a8b20, 0x00000147120a7e00, 0x00000147120a8490, 0x000001471598b630,
0x000001471598d070, 0x000001471598d700, 0x000001471598bcc0, 0x000001471598a280,
0x000001471598c9e0, 0x000001471598a910, 0x000001471598afa0, 0x000001471598c350,
0x000001471361cee0, 0x000001471361ae10, 0x000001471361c1c0, 0x000001471361bb30,
0x000001471361dc00, 0x000001471361a780, 0x000001471361d570, 0x000001471361e290,
0x000001471361e920, 0x000001471361b4a0, 0x000001471361efb0, 0x000001471361f640,
0x000001471361fcd0, 0x000001471361c850, 0x0000014713621080, 0x0000014713620360,
0x0000014713621710, 0x0000014713621da0, 0x00000147136209f0, 0x000001471742cc40,
0x000001471742dff0, 0x000001471742d2d0, 0x000001471742e680, 0x000001471742c5b0,
0x000001471742d960, 0x000001471742ed10, 0x000001471742f3a0, 0x000001471742bf20,
0x0000014717431b00, 0x0000014717432190, 0x0000014717432eb0, 0x0000014717430750,
0x0000014717430de0, 0x0000014717432820, 0x000001471742fa30, 0x00000147174300c0,
0x0000014717433540, 0x0000014718d1e010, 0x0000014718d1d2f0, 0x0000014718d1d980,
0x0000014718d1cc60, 0x0000014718d1e6a0, 0x0000014718d1b220, 0x0000014718d1f3c0,
0x0000014718d1fa50, 0x0000014718d1c5d0, 0x0000014718d200e0, 0x0000014718d221b0,
0x0000014718d20770, 0x0000014718d21490, 0x0000014718d22840, 0x0000014718d21b20,
0x0000014715c8a6b0, 0x0000014715c8ad40, 0x0000014715c8ba60, 0x0000014715c89300,
0x0000014715c89990, 0x0000014715c8ce10, 0x0000014715c8a020, 0x0000014715c8eee0,
0x0000014715c8d4a0, 0x0000014715c8e1c0, 0x0000014715c8f570, 0x0000014715c8db30,
0x0000014715c8e850, 0x0000014715a20e30, 0x000001471541c050, 0x000001471541ee40,
0x000001471541e120, 0x000001471541b9c0, 0x000001471541d400, 0x000001471541cd70,
0x000001471541da90, 0x000001471541e7b0, 0x000001471236d9f0, 0x000001471236eda0,
0x000001471236e710, 0x000001471236e080, 0x000001471236b920, 0x000001471236f430,
0x000001471236d360, 0x000001471236bfb0, 0x000001471236c640, 0x0000014712370150,
0x000001471236ccd0, 0x0000014712372f40, 0x0000014712371b90, 0x0000014712370e70,
0x00000147123735d0, 0x0000014712373c60, 0x00000147123707e0, 0x0000014712372220,
0x00000147123742f0, 0x00000147123728b0, 0x0000014712374980, 0x0000014713200100,
0x00000147165d26a0
}

Java Threads: ( => current thread )
  0x000001469b650440 JavaThread "main"                              [_thread_blocked, id=26872, stack(0x00000029e4600000,0x00000029e4700000) (1024K)]
  0x0000014711015040 JavaThread "Reference Handler"          daemon [_thread_blocked, id=7016, stack(0x00000029e4e00000,0x00000029e4f00000) (1024K)]
  0x00000147110177b0 JavaThread "Finalizer"                  daemon [_thread_blocked, id=23500, stack(0x00000029e4f00000,0x00000029e5000000) (1024K)]
  0x000001471101c4f0 JavaThread "Signal Dispatcher"          daemon [_thread_blocked, id=21252, stack(0x00000029e5000000,0x00000029e5100000) (1024K)]
  0x000001471101fca0 JavaThread "Attach Listener"            daemon [_thread_blocked, id=27808, stack(0x00000029e5100000,0x00000029e5200000) (1024K)]
  0x0000014711024590 JavaThread "Service Thread"             daemon [_thread_blocked, id=6528, stack(0x00000029e5200000,0x00000029e5300000) (1024K)]
  0x0000014711024bf0 JavaThread "Monitor Deflation Thread"   daemon [_thread_blocked, id=21480, stack(0x00000029e5300000,0x00000029e5400000) (1024K)]
  0x0000014711025580 JavaThread "C2 CompilerThread0"         daemon [_thread_in_native, id=19036, stack(0x00000029e5400000,0x00000029e5500000) (1024K)]
  0x0000014711035b20 JavaThread "C1 CompilerThread0"         daemon [_thread_blocked, id=25952, stack(0x00000029e5500000,0x00000029e5600000) (1024K)]
  0x00000146c91ab6e0 JavaThread "Common-Cleaner"             daemon [_thread_blocked, id=15372, stack(0x00000029e5600000,0x00000029e5700000) (1024K)]
  0x0000014711316990 JavaThread "Notification Thread"        daemon [_thread_blocked, id=15812, stack(0x00000029e5700000,0x00000029e5800000) (1024K)]
  0x0000014712b7db70 JavaThread "Daemon health stats"               [_thread_blocked, id=10912, stack(0x00000029e6000000,0x00000029e6100000) (1024K)]
  0x0000014712c02840 JavaThread "Incoming local TCP Connector on port 58994"        [_thread_in_native, id=27680, stack(0x00000029e6100000,0x00000029e6200000) (1024K)]
  0x0000014712da38d0 JavaThread "Daemon periodic checks"            [_thread_blocked, id=24700, stack(0x00000029e6200000,0x00000029e6300000) (1024K)]
  0x0000014712d47d20 JavaThread "Daemon"                            [_thread_blocked, id=26304, stack(0x00000029e6300000,0x00000029e6400000) (1024K)]
  0x0000014712f6f110 JavaThread "Handler for socket connection from /127.0.0.1:58994 to /127.0.0.1:58995"        [_thread_in_native, id=3956, stack(0x00000029e6400000,0x00000029e6500000) (1024K)]
  0x0000014712ca47b0 JavaThread "Cancel handler"                    [_thread_blocked, id=20904, stack(0x00000029e6500000,0x00000029e6600000) (1024K)]
  0x0000014712cc1230 JavaThread "Daemon worker"                     [_thread_in_native, id=9812, stack(0x00000029e6600000,0x00000029e6700000) (1024K)]
  0x0000014712d7cb60 JavaThread "Asynchronous log dispatcher for DefaultDaemonConnection: socket connection from /127.0.0.1:58994 to /127.0.0.1:58995"        [_thread_blocked, id=23416, stack(0x00000029e6700000,0x00000029e6800000) (1024K)]
  0x0000014712d7df30 JavaThread "Stdin handler"                     [_thread_blocked, id=22872, stack(0x00000029e6800000,0x00000029e6900000) (1024K)]
  0x0000014712d85470 JavaThread "Daemon client event forwarder"        [_thread_blocked, id=24628, stack(0x00000029e6900000,0x00000029e6a00000) (1024K)]
  0x0000014712d85b00 JavaThread "Cache worker for journal cache (C:\Users\gabri\.gradle\caches\journal-1)"        [_thread_blocked, id=5616, stack(0x00000029e6a00000,0x00000029e6b00000) (1024K)]
  0x0000014712d86190 JavaThread "File lock request listener"        [_thread_in_native, id=25988, stack(0x00000029e6b00000,0x00000029e6c00000) (1024K)]
  0x0000014712d82d10 JavaThread "Cache worker for file hash cache (C:\Users\gabri\.gradle\caches\8.12\fileHashes)"        [_thread_blocked, id=8824, stack(0x00000029e6c00000,0x00000029e6d00000) (1024K)]
  0x0000014712d840c0 JavaThread "Cache worker for file hash cache (C:\Users\gabri\OneDrive\Documentos\GitHub\Dashboard_finan\dashboard_financeiro\android\.gradle\8.12\fileHashes)"        [_thread_blocked, id=29028, stack(0x00000029e7200000,0x00000029e7300000) (1024K)]
  0x0000014712d84750 JavaThread "Cache worker for Build Output Cleanup Cache (C:\Users\gabri\OneDrive\Documentos\GitHub\Dashboard_finan\dashboard_financeiro\android\.gradle\buildOutputCleanup)"        [_thread_blocked, id=25192, stack(0x00000029e7300000,0x00000029e7400000) (1024K)]
  0x0000014712d84de0 JavaThread "File watcher server"        daemon [_thread_in_native, id=18908, stack(0x00000029e7400000,0x00000029e7500000) (1024K)]
  0x0000014712d833a0 JavaThread "File watcher consumer"      daemon [_thread_blocked, id=27084, stack(0x00000029e7500000,0x00000029e7600000) (1024K)]
  0x0000014712d83a30 JavaThread "jar transforms"                    [_thread_blocked, id=24080, stack(0x00000029e7600000,0x00000029e7700000) (1024K)]
  0x0000014715a21b50 JavaThread "jar transforms Thread 2"           [_thread_blocked, id=25160, stack(0x00000029e7700000,0x00000029e7800000) (1024K)]
  0x0000014715a214c0 JavaThread "jar transforms Thread 3"           [_thread_blocked, id=26196, stack(0x00000029e7800000,0x00000029e7900000) (1024K)]
  0x0000014715a207a0 JavaThread "jar transforms Thread 4"           [_thread_blocked, id=23268, stack(0x00000029e7900000,0x00000029e7a00000) (1024K)]
  0x0000014715a1f3f0 JavaThread "jar transforms Thread 5"           [_thread_blocked, id=26564, stack(0x00000029e7a00000,0x00000029e7b00000) (1024K)]
  0x0000014715a221e0 JavaThread "Cache worker for checksums cache (C:\Users\gabri\OneDrive\Documentos\GitHub\Dashboard_finan\dashboard_financeiro\android\.gradle\8.12\checksums)"        [_thread_blocked, id=22012, stack(0x00000029e7b00000,0x00000029e7c00000) (1024K)]
  0x0000014715a22870 JavaThread "Cache worker for file content cache (C:\Users\gabri\.gradle\caches\8.12\fileContent)"        [_thread_blocked, id=24816, stack(0x00000029e7c00000,0x00000029e7d00000) (1024K)]
  0x0000014715a1fa80 JavaThread "jar transforms Thread 6"           [_thread_blocked, id=11764, stack(0x00000029e7d00000,0x00000029e7e00000) (1024K)]
  0x0000014715a20110 JavaThread "jar transforms Thread 7"           [_thread_blocked, id=5780, stack(0x00000029e7e00000,0x00000029e7f00000) (1024K)]
  0x0000014715a23c20 JavaThread "jar transforms Thread 8"           [_thread_blocked, id=29512, stack(0x00000029e7f00000,0x00000029e8000000) (1024K)]
  0x0000014715a242b0 JavaThread "jar transforms Thread 9"           [_thread_blocked, id=11496, stack(0x00000029e8000000,0x00000029e8100000) (1024K)]
  0x0000014715a25cf0 JavaThread "Cache worker for cache directory md-rule (C:\Users\gabri\.gradle\caches\8.12\md-rule)"        [_thread_blocked, id=16112, stack(0x00000029e7100000,0x00000029e7200000) (1024K)]
  0x0000014715a24940 JavaThread "Cache worker for cache directory md-supplier (C:\Users\gabri\.gradle\caches\8.12\md-supplier)"        [_thread_blocked, id=396, stack(0x00000029e5800000,0x00000029e5900000) (1024K)]
  0x0000014715a25660 JavaThread "Cache worker for Build Output Cleanup Cache (C:\dev\flutter\packages\flutter_tools\gradle\.gradle\buildOutputCleanup)"        [_thread_blocked, id=18108, stack(0x00000029e8200000,0x00000029e8300000) (1024K)]
  0x0000014715a26380 JavaThread "Unconstrained build operations"        [_thread_blocked, id=23272, stack(0x00000029e8400000,0x00000029e8500000) (1024K)]
  0x0000014715a23590 JavaThread "Unconstrained build operations Thread 2"        [_thread_blocked, id=28508, stack(0x00000029e8500000,0x00000029e8600000) (1024K)]
  0x0000014715a24fd0 JavaThread "Unconstrained build operations Thread 3"        [_thread_blocked, id=22132, stack(0x00000029e8600000,0x00000029e8700000) (1024K)]
  0x0000014715a26a10 JavaThread "Unconstrained build operations Thread 4"        [_thread_blocked, id=11328, stack(0x00000029e8700000,0x00000029e8800000) (1024K)]
  0x0000014711b9ad70 JavaThread "Unconstrained build operations Thread 5"        [_thread_blocked, id=22500, stack(0x00000029e8800000,0x00000029e8900000) (1024K)]
  0x0000014711b9a6e0 JavaThread "Unconstrained build operations Thread 6"        [_thread_blocked, id=20948, stack(0x00000029e8900000,0x00000029e8a00000) (1024K)]
  0x0000014711b9b400 JavaThread "Unconstrained build operations Thread 7"        [_thread_blocked, id=22972, stack(0x00000029e8a00000,0x00000029e8b00000) (1024K)]
  0x0000014711b98ca0 JavaThread "Unconstrained build operations Thread 8"        [_thread_blocked, id=2912, stack(0x00000029e8b00000,0x00000029e8c00000) (1024K)]
  0x0000014711b9a050 JavaThread "Unconstrained build operations Thread 9"        [_thread_blocked, id=24832, stack(0x00000029e8c00000,0x00000029e8d00000) (1024K)]
  0x0000014711b9c7b0 JavaThread "Unconstrained build operations Thread 10"        [_thread_blocked, id=14600, stack(0x00000029e8d00000,0x00000029e8e00000) (1024K)]
  0x0000014711b9ba90 JavaThread "Unconstrained build operations Thread 11"        [_thread_blocked, id=16168, stack(0x00000029e8e00000,0x00000029e8f00000) (1024K)]
  0x0000014711b999c0 JavaThread "Unconstrained build operations Thread 12"        [_thread_blocked, id=29008, stack(0x00000029e8f00000,0x00000029e9000000) (1024K)]
  0x0000014711b99330 JavaThread "Unconstrained build operations Thread 13"        [_thread_blocked, id=25172, stack(0x00000029e9000000,0x00000029e9100000) (1024K)]
  0x0000014711b9e1f0 JavaThread "Unconstrained build operations Thread 14"        [_thread_blocked, id=28040, stack(0x00000029e9100000,0x00000029e9200000) (1024K)]
  0x0000014711b9c120 JavaThread "Unconstrained build operations Thread 15"        [_thread_blocked, id=27288, stack(0x00000029e9200000,0x00000029e9300000) (1024K)]
  0x0000014711b9f5a0 JavaThread "Unconstrained build operations Thread 16"        [_thread_blocked, id=16224, stack(0x00000029e9300000,0x00000029e9400000) (1024K)]
  0x0000014711b9fc30 JavaThread "Unconstrained build operations Thread 17"        [_thread_blocked, id=22204, stack(0x00000029e9400000,0x00000029e9500000) (1024K)]
  0x0000014711ba02c0 JavaThread "Unconstrained build operations Thread 18"        [_thread_blocked, id=27604, stack(0x00000029e9500000,0x00000029e9600000) (1024K)]
  0x0000014711b9e880 JavaThread "Unconstrained build operations Thread 19"        [_thread_blocked, id=26316, stack(0x00000029e9600000,0x00000029e9700000) (1024K)]
  0x0000014711b9ce40 JavaThread "Unconstrained build operations Thread 20"        [_thread_blocked, id=26460, stack(0x00000029e9700000,0x00000029e9800000) (1024K)]
  0x0000014711b9d4d0 JavaThread "Unconstrained build operations Thread 21"        [_thread_blocked, id=1576, stack(0x00000029e9800000,0x00000029e9900000) (1024K)]
  0x0000014711b9db60 JavaThread "Unconstrained build operations Thread 22"        [_thread_blocked, id=20172, stack(0x00000029e9900000,0x00000029e9a00000) (1024K)]
  0x0000014711b9ef10 JavaThread "Unconstrained build operations Thread 23"        [_thread_blocked, id=6628, stack(0x00000029e9a00000,0x00000029e9b00000) (1024K)]
  0x00000147120a2220 JavaThread "Unconstrained build operations Thread 24"        [_thread_blocked, id=25296, stack(0x00000029e9b00000,0x00000029e9c00000) (1024K)]
  0x00000147120a5010 JavaThread "Unconstrained build operations Thread 25"        [_thread_blocked, id=29148, stack(0x00000029e9c00000,0x00000029e9d00000) (1024K)]
  0x00000147120a2f40 JavaThread "Unconstrained build operations Thread 26"        [_thread_blocked, id=28220, stack(0x00000029e9d00000,0x00000029e9e00000) (1024K)]
  0x00000147120a35d0 JavaThread "Unconstrained build operations Thread 27"        [_thread_blocked, id=24784, stack(0x00000029e9e00000,0x00000029e9f00000) (1024K)]
  0x00000147120a56a0 JavaThread "Unconstrained build operations Thread 28"        [_thread_blocked, id=27852, stack(0x00000029e9f00000,0x00000029ea000000) (1024K)]
  0x00000147120a28b0 JavaThread "Unconstrained build operations Thread 29"        [_thread_blocked, id=16392, stack(0x00000029ea000000,0x00000029ea100000) (1024K)]
  0x00000147120a5d30 JavaThread "Unconstrained build operations Thread 30"        [_thread_blocked, id=21452, stack(0x00000029ea100000,0x00000029ea200000) (1024K)]
  0x00000147120a63c0 JavaThread "Unconstrained build operations Thread 31"        [_thread_blocked, id=19860, stack(0x00000029ea200000,0x00000029ea300000) (1024K)]
  0x00000147120a70e0 JavaThread "Unconstrained build operations Thread 32"        [_thread_blocked, id=20768, stack(0x00000029ea300000,0x00000029ea400000) (1024K)]
  0x00000147120a3c60 JavaThread "Unconstrained build operations Thread 33"        [_thread_blocked, id=3548, stack(0x00000029ea400000,0x00000029ea500000) (1024K)]
  0x00000147120a7770 JavaThread "Memory manager"                    [_thread_blocked, id=24252, stack(0x00000029e8300000,0x00000029e8400000) (1024K)]
  0x00000147120a8b20 JavaThread "build event listener"              [_thread_blocked, id=22496, stack(0x00000029ea500000,0x00000029ea600000) (1024K)]
  0x00000147120a7e00 JavaThread "included builds"                   [_thread_blocked, id=23492, stack(0x00000029ea700000,0x00000029ea800000) (1024K)]
  0x00000147120a8490 JavaThread "Execution worker"                  [_thread_blocked, id=22104, stack(0x00000029ea800000,0x00000029ea900000) (1024K)]
  0x000001471598b630 JavaThread "Execution worker Thread 2"         [_thread_blocked, id=19512, stack(0x00000029ea900000,0x00000029eaa00000) (1024K)]
  0x000001471598d070 JavaThread "Execution worker Thread 3"         [_thread_blocked, id=16344, stack(0x00000029eaa00000,0x00000029eab00000) (1024K)]
  0x000001471598d700 JavaThread "Execution worker Thread 4"         [_thread_blocked, id=5896, stack(0x00000029eab00000,0x00000029eac00000) (1024K)]
  0x000001471598bcc0 JavaThread "Execution worker Thread 5"         [_thread_blocked, id=21592, stack(0x00000029eac00000,0x00000029ead00000) (1024K)]
  0x000001471598a280 JavaThread "Execution worker Thread 6"         [_thread_blocked, id=24232, stack(0x00000029ead00000,0x00000029eae00000) (1024K)]
  0x000001471598c9e0 JavaThread "Execution worker Thread 7"         [_thread_blocked, id=26048, stack(0x00000029eae00000,0x00000029eaf00000) (1024K)]
  0x000001471598a910 JavaThread "Execution worker Thread 8"         [_thread_blocked, id=28876, stack(0x00000029eaf00000,0x00000029eb000000) (1024K)]
  0x000001471598afa0 JavaThread "Execution worker Thread 9"         [_thread_blocked, id=13292, stack(0x00000029eb000000,0x00000029eb100000) (1024K)]
  0x000001471598c350 JavaThread "Execution worker Thread 10"        [_thread_blocked, id=19472, stack(0x00000029eb100000,0x00000029eb200000) (1024K)]
  0x000001471361cee0 JavaThread "Execution worker Thread 11"        [_thread_blocked, id=22836, stack(0x00000029eb200000,0x00000029eb300000) (1024K)]
  0x000001471361ae10 JavaThread "Cache worker for execution history cache (C:\dev\flutter\packages\flutter_tools\gradle\.gradle\8.12\executionHistory)"        [_thread_blocked, id=24432, stack(0x00000029eb300000,0x00000029eb400000) (1024K)]
  0x000001471361c1c0 JavaThread "Unconstrained build operations Thread 34"        [_thread_blocked, id=25148, stack(0x00000029eb400000,0x00000029eb500000) (1024K)]
  0x000001471361bb30 JavaThread "Unconstrained build operations Thread 35"        [_thread_blocked, id=7240, stack(0x00000029eb500000,0x00000029eb600000) (1024K)]
  0x000001471361dc00 JavaThread "Unconstrained build operations Thread 36"        [_thread_in_native, id=22184, stack(0x00000029eb600000,0x00000029eb700000) (1024K)]
  0x000001471361a780 JavaThread "Unconstrained build operations Thread 37"        [_thread_blocked, id=23312, stack(0x00000029eb700000,0x00000029eb800000) (1024K)]
  0x000001471361d570 JavaThread "Unconstrained build operations Thread 38"        [_thread_blocked, id=13548, stack(0x00000029eb800000,0x00000029eb900000) (1024K)]
  0x000001471361e290 JavaThread "Unconstrained build operations Thread 39"        [_thread_blocked, id=4228, stack(0x00000029eb900000,0x00000029eba00000) (1024K)]
  0x000001471361e920 JavaThread "Unconstrained build operations Thread 40"        [_thread_in_native, id=5188, stack(0x00000029eba00000,0x00000029ebb00000) (1024K)]
  0x000001471361b4a0 JavaThread "Unconstrained build operations Thread 41"        [_thread_in_native, id=23788, stack(0x00000029ebb00000,0x00000029ebc00000) (1024K)]
  0x000001471361efb0 JavaThread "Unconstrained build operations Thread 42"        [_thread_blocked, id=12972, stack(0x00000029ebc00000,0x00000029ebd00000) (1024K)]
  0x000001471361f640 JavaThread "Unconstrained build operations Thread 43"        [_thread_blocked, id=24428, stack(0x00000029ebd00000,0x00000029ebe00000) (1024K)]
  0x000001471361fcd0 JavaThread "Unconstrained build operations Thread 44"        [_thread_blocked, id=19168, stack(0x00000029ebe00000,0x00000029ebf00000) (1024K)]
  0x000001471361c850 JavaThread "Unconstrained build operations Thread 45"        [_thread_blocked, id=23208, stack(0x00000029ebf00000,0x00000029ec000000) (1024K)]
  0x0000014713621080 JavaThread "Unconstrained build operations Thread 46"        [_thread_blocked, id=16096, stack(0x00000029ec000000,0x00000029ec100000) (1024K)]
  0x0000014713620360 JavaThread "Unconstrained build operations Thread 47"        [_thread_blocked, id=8284, stack(0x00000029ec100000,0x00000029ec200000) (1024K)]
  0x0000014713621710 JavaThread "Unconstrained build operations Thread 48"        [_thread_blocked, id=23688, stack(0x00000029ec200000,0x00000029ec300000) (1024K)]
  0x0000014713621da0 JavaThread "Unconstrained build operations Thread 49"        [_thread_blocked, id=2240, stack(0x00000029ec300000,0x00000029ec400000) (1024K)]
  0x00000147136209f0 JavaThread "Unconstrained build operations Thread 50"        [_thread_blocked, id=23332, stack(0x00000029ec400000,0x00000029ec500000) (1024K)]
  0x000001471742cc40 JavaThread "Unconstrained build operations Thread 51"        [_thread_blocked, id=23876, stack(0x00000029ec500000,0x00000029ec600000) (1024K)]
  0x000001471742dff0 JavaThread "Unconstrained build operations Thread 52"        [_thread_blocked, id=25892, stack(0x00000029ec600000,0x00000029ec700000) (1024K)]
  0x000001471742d2d0 JavaThread "Unconstrained build operations Thread 53"        [_thread_blocked, id=16620, stack(0x00000029ec700000,0x00000029ec800000) (1024K)]
  0x000001471742e680 JavaThread "Unconstrained build operations Thread 54"        [_thread_blocked, id=24136, stack(0x00000029ec800000,0x00000029ec900000) (1024K)]
  0x000001471742c5b0 JavaThread "Unconstrained build operations Thread 55"        [_thread_blocked, id=12984, stack(0x00000029ec900000,0x00000029eca00000) (1024K)]
  0x000001471742d960 JavaThread "Unconstrained build operations Thread 56"        [_thread_blocked, id=12168, stack(0x00000029eca00000,0x00000029ecb00000) (1024K)]
  0x000001471742ed10 JavaThread "Unconstrained build operations Thread 57"        [_thread_blocked, id=21264, stack(0x00000029ecb00000,0x00000029ecc00000) (1024K)]
  0x000001471742f3a0 JavaThread "Unconstrained build operations Thread 58"        [_thread_blocked, id=26508, stack(0x00000029ecc00000,0x00000029ecd00000) (1024K)]
  0x000001471742bf20 JavaThread "Unconstrained build operations Thread 59"        [_thread_blocked, id=27712, stack(0x00000029ecd00000,0x00000029ece00000) (1024K)]
  0x0000014717431b00 JavaThread "Unconstrained build operations Thread 60"        [_thread_blocked, id=10132, stack(0x00000029ece00000,0x00000029ecf00000) (1024K)]
  0x0000014717432190 JavaThread "Unconstrained build operations Thread 61"        [_thread_blocked, id=7428, stack(0x00000029ecf00000,0x00000029ed000000) (1024K)]
  0x0000014717432eb0 JavaThread "Unconstrained build operations Thread 62"        [_thread_blocked, id=23780, stack(0x00000029ed000000,0x00000029ed100000) (1024K)]
  0x0000014717430750 JavaThread "Unconstrained build operations Thread 63"        [_thread_blocked, id=28036, stack(0x00000029ed100000,0x00000029ed200000) (1024K)]
  0x0000014717430de0 JavaThread "Unconstrained build operations Thread 64"        [_thread_blocked, id=13524, stack(0x00000029ed200000,0x00000029ed300000) (1024K)]
  0x0000014717432820 JavaThread "Unconstrained build operations Thread 65"        [_thread_blocked, id=13640, stack(0x00000029ed300000,0x00000029ed400000) (1024K)]
  0x000001471742fa30 JavaThread "Unconstrained build operations Thread 66"        [_thread_blocked, id=14788, stack(0x00000029ed400000,0x00000029ed500000) (1024K)]
  0x00000147174300c0 JavaThread "Unconstrained build operations Thread 67"        [_thread_blocked, id=22084, stack(0x00000029ed500000,0x00000029ed600000) (1024K)]
  0x0000014717433540 JavaThread "Unconstrained build operations Thread 68"        [_thread_blocked, id=2964, stack(0x00000029ed600000,0x00000029ed700000) (1024K)]
  0x0000014718d1e010 JavaThread "WorkerExecutor Queue"              [_thread_blocked, id=16404, stack(0x00000029ea600000,0x00000029ea700000) (1024K)]
  0x0000014718d1d2f0 JavaThread "RMI Scheduler(0)"           daemon [_thread_blocked, id=20536, stack(0x00000029e8100000,0x00000029e8200000) (1024K)]
  0x0000014718d1d980 JavaThread "RMI GC Daemon"              daemon [_thread_blocked, id=22868, stack(0x00000029ed800000,0x00000029ed900000) (1024K)]
  0x0000014718d1cc60 JavaThread "RMI TCP Accept-0"           daemon [_thread_in_native, id=26256, stack(0x00000029ed900000,0x00000029eda00000) (1024K)]
  0x0000014718d1e6a0 JavaThread "RMI Reaper"                        [_thread_blocked, id=20752, stack(0x00000029eda00000,0x00000029edb00000) (1024K)]
  0x0000014718d1b220 JavaThread "RMI TCP Connection(idle)"   daemon [_thread_blocked, id=19220, stack(0x00000029edb00000,0x00000029edc00000) (1024K)]
  0x0000014718d1f3c0 JavaThread "Unconstrained build operations Thread 69"        [_thread_blocked, id=3924, stack(0x00000029edf00000,0x00000029ee000000) (1024K)]
  0x0000014718d1fa50 JavaThread "Unconstrained build operations Thread 70"        [_thread_blocked, id=10116, stack(0x00000029ee000000,0x00000029ee100000) (1024K)]
  0x0000014718d1c5d0 JavaThread "Unconstrained build operations Thread 71"        [_thread_blocked, id=10444, stack(0x00000029ee100000,0x00000029ee200000) (1024K)]
  0x0000014718d200e0 JavaThread "Unconstrained build operations Thread 72"        [_thread_blocked, id=20876, stack(0x00000029ee200000,0x00000029ee300000) (1024K)]
  0x0000014718d221b0 JavaThread "Unconstrained build operations Thread 73"        [_thread_blocked, id=18992, stack(0x00000029ee300000,0x00000029ee400000) (1024K)]
  0x0000014718d20770 JavaThread "Unconstrained build operations Thread 74"        [_thread_blocked, id=21760, stack(0x00000029ee400000,0x00000029ee500000) (1024K)]
  0x0000014718d21490 JavaThread "Unconstrained build operations Thread 75"        [_thread_blocked, id=13540, stack(0x00000029ee500000,0x00000029ee600000) (1024K)]
  0x0000014718d22840 JavaThread "Unconstrained build operations Thread 76"        [_thread_blocked, id=3032, stack(0x00000029ee600000,0x00000029ee700000) (1024K)]
  0x0000014718d21b20 JavaThread "Unconstrained build operations Thread 77"        [_thread_blocked, id=26608, stack(0x00000029ee700000,0x00000029ee800000) (1024K)]
  0x0000014715c8a6b0 JavaThread "Unconstrained build operations Thread 78"        [_thread_blocked, id=6420, stack(0x00000029ee800000,0x00000029ee900000) (1024K)]
  0x0000014715c8ad40 JavaThread "Unconstrained build operations Thread 79"        [_thread_blocked, id=14276, stack(0x00000029ee900000,0x00000029eea00000) (1024K)]
  0x0000014715c8ba60 JavaThread "Unconstrained build operations Thread 80"        [_thread_blocked, id=28204, stack(0x00000029e4300000,0x00000029e4400000) (1024K)]
  0x0000014715c89300 JavaThread "Unconstrained build operations Thread 81"        [_thread_blocked, id=13276, stack(0x00000029e4400000,0x00000029e4500000) (1024K)]
  0x0000014715c89990 JavaThread "Unconstrained build operations Thread 82"        [_thread_blocked, id=13416, stack(0x00000029e4500000,0x00000029e4600000) (1024K)]
  0x0000014715c8ce10 JavaThread "Unconstrained build operations Thread 83"        [_thread_blocked, id=6648, stack(0x00000029eeb00000,0x00000029eec00000) (1024K)]
  0x0000014715c8a020 JavaThread "Unconstrained build operations Thread 84"        [_thread_blocked, id=19164, stack(0x00000029eec00000,0x00000029eed00000) (1024K)]
  0x0000014715c8eee0 JavaThread "Unconstrained build operations Thread 85"        [_thread_blocked, id=12800, stack(0x00000029eed00000,0x00000029eee00000) (1024K)]
  0x0000014715c8d4a0 JavaThread "Unconstrained build operations Thread 86"        [_thread_blocked, id=23808, stack(0x00000029eee00000,0x00000029eef00000) (1024K)]
  0x0000014715c8e1c0 JavaThread "Unconstrained build operations Thread 87"        [_thread_blocked, id=21224, stack(0x00000029eef00000,0x00000029ef000000) (1024K)]
  0x0000014715c8f570 JavaThread "Unconstrained build operations Thread 88"        [_thread_blocked, id=25336, stack(0x00000029ed700000,0x00000029ed800000) (1024K)]
  0x0000014715c8db30 JavaThread "Unconstrained build operations Thread 89"        [_thread_blocked, id=25012, stack(0x00000029eea00000,0x00000029eeb00000) (1024K)]
  0x0000014715c8e850 JavaThread "Unconstrained build operations Thread 90"        [_thread_blocked, id=25048, stack(0x00000029ef000000,0x00000029ef100000) (1024K)]
  0x0000014715a20e30 JavaThread "Unconstrained build operations Thread 91"        [_thread_blocked, id=3468, stack(0x00000029ef100000,0x00000029ef200000) (1024K)]
  0x000001471541c050 JavaThread "Unconstrained build operations Thread 92"        [_thread_blocked, id=7932, stack(0x00000029ef200000,0x00000029ef300000) (1024K)]
  0x000001471541ee40 JavaThread "Unconstrained build operations Thread 93"        [_thread_blocked, id=25840, stack(0x00000029ef300000,0x00000029ef400000) (1024K)]
  0x000001471541e120 JavaThread "Unconstrained build operations Thread 94"        [_thread_blocked, id=19492, stack(0x00000029ef400000,0x00000029ef500000) (1024K)]
  0x000001471541b9c0 JavaThread "Unconstrained build operations Thread 95"        [_thread_blocked, id=29404, stack(0x00000029ef500000,0x00000029ef600000) (1024K)]
  0x000001471541d400 JavaThread "Unconstrained build operations Thread 96"        [_thread_blocked, id=28000, stack(0x00000029ef600000,0x00000029ef700000) (1024K)]
  0x000001471541cd70 JavaThread "Unconstrained build operations Thread 97"        [_thread_blocked, id=14712, stack(0x00000029ef700000,0x00000029ef800000) (1024K)]
  0x000001471541da90 JavaThread "Unconstrained build operations Thread 98"        [_thread_blocked, id=9800, stack(0x00000029ef800000,0x00000029ef900000) (1024K)]
  0x000001471541e7b0 JavaThread "Unconstrained build operations Thread 99"        [_thread_blocked, id=15852, stack(0x00000029ef900000,0x00000029efa00000) (1024K)]
  0x000001471236d9f0 JavaThread "Unconstrained build operations Thread 100"        [_thread_blocked, id=15432, stack(0x00000029efa00000,0x00000029efb00000) (1024K)]
  0x000001471236eda0 JavaThread "Unconstrained build operations Thread 101"        [_thread_blocked, id=1848, stack(0x00000029efb00000,0x00000029efc00000) (1024K)]
  0x000001471236e710 JavaThread "Unconstrained build operations Thread 102"        [_thread_blocked, id=14460, stack(0x00000029efc00000,0x00000029efd00000) (1024K)]
  0x000001471236e080 JavaThread "Unconstrained build operations Thread 103"        [_thread_blocked, id=29444, stack(0x00000029efd00000,0x00000029efe00000) (1024K)]
  0x000001471236b920 JavaThread "Unconstrained build operations Thread 104"        [_thread_blocked, id=7776, stack(0x00000029efe00000,0x00000029eff00000) (1024K)]
  0x000001471236f430 JavaThread "Unconstrained build operations Thread 105"        [_thread_blocked, id=29536, stack(0x00000029eff00000,0x00000029f0000000) (1024K)]
  0x000001471236d360 JavaThread "Unconstrained build operations Thread 106"        [_thread_blocked, id=25588, stack(0x00000029f0000000,0x00000029f0100000) (1024K)]
  0x000001471236bfb0 JavaThread "Unconstrained build operations Thread 107"        [_thread_blocked, id=18576, stack(0x00000029f0100000,0x00000029f0200000) (1024K)]
  0x000001471236c640 JavaThread "Unconstrained build operations Thread 108"        [_thread_blocked, id=11504, stack(0x00000029f0200000,0x00000029f0300000) (1024K)]
  0x0000014712370150 JavaThread "Unconstrained build operations Thread 109"        [_thread_blocked, id=12948, stack(0x00000029f0300000,0x00000029f0400000) (1024K)]
  0x000001471236ccd0 JavaThread "Unconstrained build operations Thread 110"        [_thread_blocked, id=13316, stack(0x00000029f0400000,0x00000029f0500000) (1024K)]
  0x0000014712372f40 JavaThread "Unconstrained build operations Thread 111"        [_thread_blocked, id=19524, stack(0x00000029f0500000,0x00000029f0600000) (1024K)]
  0x0000014712371b90 JavaThread "Unconstrained build operations Thread 112"        [_thread_blocked, id=11768, stack(0x00000029f0600000,0x00000029f0700000) (1024K)]
  0x0000014712370e70 JavaThread "Unconstrained build operations Thread 113"        [_thread_blocked, id=29072, stack(0x00000029f0700000,0x00000029f0800000) (1024K)]
  0x00000147123735d0 JavaThread "Unconstrained build operations Thread 114"        [_thread_blocked, id=7260, stack(0x00000029f0800000,0x00000029f0900000) (1024K)]
  0x0000014712373c60 JavaThread "Unconstrained build operations Thread 115"        [_thread_blocked, id=11156, stack(0x00000029f0900000,0x00000029f0a00000) (1024K)]
  0x00000147123707e0 JavaThread "Unconstrained build operations Thread 116"        [_thread_blocked, id=20824, stack(0x00000029f0a00000,0x00000029f0b00000) (1024K)]
  0x0000014712372220 JavaThread "Unconstrained build operations Thread 117"        [_thread_blocked, id=27420, stack(0x00000029f0b00000,0x00000029f0c00000) (1024K)]
  0x00000147123742f0 JavaThread "Unconstrained build operations Thread 118"        [_thread_blocked, id=18924, stack(0x00000029f0c00000,0x00000029f0d00000) (1024K)]
  0x00000147123728b0 JavaThread "Unconstrained build operations Thread 119"        [_thread_blocked, id=20516, stack(0x00000029f0d00000,0x00000029f0e00000) (1024K)]
  0x0000014712374980 JavaThread "Unconstrained build operations Thread 120"        [_thread_blocked, id=12684, stack(0x00000029f0e00000,0x00000029f0f00000) (1024K)]
  0x0000014713200100 JavaThread "C2 CompilerThread1"         daemon [_thread_blocked, id=19400, stack(0x00000029f0f00000,0x00000029f1000000) (1024K)]
=>0x00000147165d26a0 JavaThread "C2 CompilerThread2"         daemon [_thread_in_native, id=27272, stack(0x00000029f1000000,0x00000029f1100000) (1024K)]
Total: 185

Other Threads:
  0x00000146c91ba010 VMThread "VM Thread"                           [id=11272, stack(0x00000029e4d00000,0x00000029e4e00000) (1024K)]
  0x00000146c91a9350 WatcherThread "VM Periodic Task Thread"        [id=21660, stack(0x00000029e4c00000,0x00000029e4d00000) (1024K)]
  0x000001469b6faad0 WorkerThread "GC Thread#0"                     [id=21556, stack(0x00000029e4700000,0x00000029e4800000) (1024K)]
  0x00000146c91ba3b0 WorkerThread "GC Thread#1"                     [id=26272, stack(0x00000029e5900000,0x00000029e5a00000) (1024K)]
  0x00000146c91ba750 WorkerThread "GC Thread#2"                     [id=14836, stack(0x00000029e5a00000,0x00000029e5b00000) (1024K)]
  0x00000146c91b9c70 WorkerThread "GC Thread#3"                     [id=5916, stack(0x00000029e5b00000,0x00000029e5c00000) (1024K)]
  0x00000146c91bb5d0 WorkerThread "GC Thread#4"                     [id=29504, stack(0x00000029e5c00000,0x00000029e5d00000) (1024K)]
  0x0000014712c1c1c0 WorkerThread "GC Thread#5"                     [id=22324, stack(0x00000029e5d00000,0x00000029e5e00000) (1024K)]
  0x0000014712c1e600 WorkerThread "GC Thread#6"                     [id=12576, stack(0x00000029e5e00000,0x00000029e5f00000) (1024K)]
  0x0000014712c1d040 WorkerThread "GC Thread#7"                     [id=22264, stack(0x00000029e5f00000,0x00000029e6000000) (1024K)]
  0x0000014712c1f820 WorkerThread "GC Thread#8"                     [id=10460, stack(0x00000029e6d00000,0x00000029e6e00000) (1024K)]
  0x0000014712c1f480 WorkerThread "GC Thread#9"                     [id=1636, stack(0x00000029e6e00000,0x00000029e6f00000) (1024K)]
  0x000001469b70c9d0 ConcurrentGCThread "G1 Main Marker"            [id=29452, stack(0x00000029e4800000,0x00000029e4900000) (1024K)]
  0x000001469b70ea00 WorkerThread "G1 Conc#0"                       [id=7624, stack(0x00000029e4900000,0x00000029e4a00000) (1024K)]
  0x0000014712c1db20 WorkerThread "G1 Conc#1"                       [id=13328, stack(0x00000029e6f00000,0x00000029e7000000) (1024K)]
  0x0000014712c1ed40 WorkerThread "G1 Conc#2"                       [id=29004, stack(0x00000029e7000000,0x00000029e7100000) (1024K)]
  0x00000146c90721b0 ConcurrentGCThread "G1 Refine#0"               [id=24920, stack(0x00000029e4a00000,0x00000029e4b00000) (1024K)]
  0x00000146c90726e0 ConcurrentGCThread "G1 Service"                [id=23740, stack(0x00000029e4b00000,0x00000029e4c00000) (1024K)]
Total: 18

Threads with active compile tasks:
C2 CompilerThread2  99285 15141       4       org.gradle.api.internal.initialization.transform.InstrumentationAnalysisTransform$$Lambda/0x00000146cdd0fb58::visit (13 bytes)
Total: 1

VM state: not at safepoint (normal execution)

VM Mutex/Monitor currently owned by a thread: None

Heap address: 0x0000000600000000, size: 8192 MB, Compressed Oops mode: Zero based, Oop shift amount: 3

CDS archive(s) mapped at: [0x00000146cc000000-0x00000146ccba0000-0x00000146ccba0000), size 12189696, SharedBaseAddress: 0x00000146cc000000, ArchiveRelocationMode: 1.
Compressed class space mapped at: 0x00000146cd000000-0x000001470d000000, reserved size: 1073741824
Narrow klass base: 0x00000146cc000000, Narrow klass shift: 0, Narrow klass range: 0x100000000

GC Precious Log:
 CardTable entry size: 512
 Card Set container configuration: InlinePtr #cards 4 size 8 Array Of Cards #cards 32 size 80 Howl #buckets 8 coarsen threshold 7372 Howl Bitmap #cards 1024 size 144 coarsen threshold 921 Card regions per heap region 1 cards per card region 8192
 CPUs: 12 total, 12 available
 Memory: 15720M
 Large Page Support: Disabled
 NUMA Support: Disabled
 Compressed Oops: Enabled (Zero based)
 Heap Region Size: 4M
 Heap Min Capacity: 8M
 Heap Initial Capacity: 248M
 Heap Max Capacity: 8G
 Pre-touch: Disabled
 Parallel Workers: 10
 Concurrent Workers: 3
 Concurrent Refinement Workers: 10
 Periodic GC: Disabled

Heap:
 garbage-first heap   total 303104K, used 180267K [0x0000000600000000, 0x0000000800000000)
  region size 4096K, 19 young (77824K), 3 survivors (12288K)
 Metaspace       used 90282K, committed 92736K, reserved 1179648K
  class space    used 12459K, committed 13696K, reserved 1048576K

Heap Regions: E=young(eden), S=young(survivor), O=old, HS=humongous(starts), HC=humongous(continues), CS=collection set, F=free, TAMS=top-at-mark-start, PB=parsable bottom
|   0|0x0000000600000000, 0x0000000600400000, 0x0000000600400000|100%|HS|  |TAMS 0x0000000600000000| PB 0x0000000600000000| Complete 
|   1|0x0000000600400000, 0x0000000600800000, 0x0000000600800000|100%| O|  |TAMS 0x0000000600400000| PB 0x0000000600400000| Untracked 
|   2|0x0000000600800000, 0x0000000600c00000, 0x0000000600c00000|100%| O|  |TAMS 0x0000000600800000| PB 0x0000000600800000| Untracked 
|   3|0x0000000600c00000, 0x0000000601000000, 0x0000000601000000|100%| O|  |TAMS 0x0000000600c00000| PB 0x0000000600c00000| Untracked 
|   4|0x0000000601000000, 0x0000000601400000, 0x0000000601400000|100%| O|  |TAMS 0x0000000601000000| PB 0x0000000601000000| Untracked 
|   5|0x0000000601400000, 0x0000000601800000, 0x0000000601800000|100%| O|  |TAMS 0x0000000601400000| PB 0x0000000601400000| Untracked 
|   6|0x0000000601800000, 0x0000000601c00000, 0x0000000601c00000|100%| O|  |TAMS 0x0000000601800000| PB 0x0000000601800000| Untracked 
|   7|0x0000000601c00000, 0x0000000602000000, 0x0000000602000000|100%| O|  |TAMS 0x0000000601c00000| PB 0x0000000601c00000| Untracked 
|   8|0x0000000602000000, 0x0000000602400000, 0x0000000602400000|100%|HS|  |TAMS 0x0000000602000000| PB 0x0000000602000000| Complete 
|   9|0x0000000602400000, 0x0000000602800000, 0x0000000602800000|100%| O|  |TAMS 0x0000000602400000| PB 0x0000000602400000| Untracked 
|  10|0x0000000602800000, 0x0000000602c00000, 0x0000000602c00000|100%| O|  |TAMS 0x0000000602800000| PB 0x0000000602800000| Untracked 
|  11|0x0000000602c00000, 0x0000000603000000, 0x0000000603000000|100%| O|  |TAMS 0x0000000602c00000| PB 0x0000000602c00000| Untracked 
|  12|0x0000000603000000, 0x0000000603400000, 0x0000000603400000|100%|HS|  |TAMS 0x0000000603000000| PB 0x0000000603000000| Complete 
|  13|0x0000000603400000, 0x0000000603800000, 0x0000000603800000|100%| O|  |TAMS 0x0000000603400000| PB 0x0000000603400000| Untracked 
|  14|0x0000000603800000, 0x0000000603c00000, 0x0000000603c00000|100%| O|  |TAMS 0x0000000603800000| PB 0x0000000603800000| Untracked 
|  15|0x0000000603c00000, 0x0000000604000000, 0x0000000604000000|100%| O|  |TAMS 0x0000000603c00000| PB 0x0000000603c00000| Untracked 
|  16|0x0000000604000000, 0x0000000604400000, 0x0000000604400000|100%| O|  |TAMS 0x0000000604000000| PB 0x0000000604000000| Untracked 
|  17|0x0000000604400000, 0x0000000604800000, 0x0000000604800000|100%| O|  |TAMS 0x0000000604400000| PB 0x0000000604400000| Untracked 
|  18|0x0000000604800000, 0x0000000604c00000, 0x0000000604c00000|100%| O|  |TAMS 0x0000000604800000| PB 0x0000000604800000| Untracked 
|  19|0x0000000604c00000, 0x0000000605000000, 0x0000000605000000|100%| O|  |TAMS 0x0000000604c00000| PB 0x0000000604c00000| Untracked 
|  20|0x0000000605000000, 0x0000000605400000, 0x0000000605400000|100%| O|Cm|TAMS 0x0000000605000000| PB 0x0000000605000000| Complete 
|  21|0x0000000605400000, 0x0000000605800000, 0x0000000605800000|100%| O|  |TAMS 0x0000000605400000| PB 0x0000000605400000| Untracked 
|  22|0x0000000605800000, 0x0000000605c00000, 0x0000000605c00000|100%| O|  |TAMS 0x0000000605800000| PB 0x0000000605800000| Untracked 
|  23|0x0000000605c00000, 0x0000000606000000, 0x0000000606000000|100%| O|  |TAMS 0x0000000605c00000| PB 0x0000000605c00000| Untracked 
|  24|0x0000000606000000, 0x0000000606224a00, 0x0000000606400000| 53%| O|  |TAMS 0x0000000606000000| PB 0x0000000606000000| Untracked 
|  25|0x0000000606400000, 0x0000000606800000, 0x0000000606800000|100%| O|  |TAMS 0x0000000606400000| PB 0x0000000606400000| Untracked 
|  26|0x0000000606800000, 0x0000000606800000, 0x0000000606c00000|  0%| F|  |TAMS 0x0000000606800000| PB 0x0000000606800000| Untracked 
|  27|0x0000000606c00000, 0x0000000606c00000, 0x0000000607000000|  0%| F|  |TAMS 0x0000000606c00000| PB 0x0000000606c00000| Untracked 
|  28|0x0000000607000000, 0x0000000607000000, 0x0000000607400000|  0%| F|  |TAMS 0x0000000607000000| PB 0x0000000607000000| Untracked 
|  29|0x0000000607400000, 0x0000000607400000, 0x0000000607800000|  0%| F|  |TAMS 0x0000000607400000| PB 0x0000000607400000| Untracked 
|  30|0x0000000607800000, 0x0000000607800000, 0x0000000607c00000|  0%| F|  |TAMS 0x0000000607800000| PB 0x0000000607800000| Untracked 
|  31|0x0000000607c00000, 0x0000000607c00000, 0x0000000608000000|  0%| F|  |TAMS 0x0000000607c00000| PB 0x0000000607c00000| Untracked 
|  32|0x0000000608000000, 0x0000000608000000, 0x0000000608400000|  0%| F|  |TAMS 0x0000000608000000| PB 0x0000000608000000| Untracked 
|  33|0x0000000608400000, 0x0000000608400000, 0x0000000608800000|  0%| F|  |TAMS 0x0000000608400000| PB 0x0000000608400000| Untracked 
|  34|0x0000000608800000, 0x00000006089e6240, 0x0000000608c00000| 47%| S|CS|TAMS 0x0000000608800000| PB 0x0000000608800000| Complete 
|  35|0x0000000608c00000, 0x0000000609000000, 0x0000000609000000|100%| S|CS|TAMS 0x0000000608c00000| PB 0x0000000608c00000| Complete 
|  36|0x0000000609000000, 0x0000000609400000, 0x0000000609400000|100%| S|CS|TAMS 0x0000000609000000| PB 0x0000000609000000| Complete 
|  37|0x0000000609400000, 0x0000000609400000, 0x0000000609800000|  0%| F|  |TAMS 0x0000000609400000| PB 0x0000000609400000| Untracked 
|  38|0x0000000609800000, 0x0000000609800000, 0x0000000609c00000|  0%| F|  |TAMS 0x0000000609800000| PB 0x0000000609800000| Untracked 
|  39|0x0000000609c00000, 0x0000000609c00000, 0x000000060a000000|  0%| F|  |TAMS 0x0000000609c00000| PB 0x0000000609c00000| Untracked 
|  40|0x000000060a000000, 0x000000060a000000, 0x000000060a400000|  0%| F|  |TAMS 0x000000060a000000| PB 0x000000060a000000| Untracked 
|  41|0x000000060a400000, 0x000000060a400000, 0x000000060a800000|  0%| F|  |TAMS 0x000000060a400000| PB 0x000000060a400000| Untracked 
|  42|0x000000060a800000, 0x000000060a800000, 0x000000060ac00000|  0%| F|  |TAMS 0x000000060a800000| PB 0x000000060a800000| Untracked 
|  43|0x000000060ac00000, 0x000000060ac00000, 0x000000060b000000|  0%| F|  |TAMS 0x000000060ac00000| PB 0x000000060ac00000| Untracked 
|  44|0x000000060b000000, 0x000000060b000000, 0x000000060b400000|  0%| F|  |TAMS 0x000000060b000000| PB 0x000000060b000000| Untracked 
|  45|0x000000060b400000, 0x000000060b400000, 0x000000060b800000|  0%| F|  |TAMS 0x000000060b400000| PB 0x000000060b400000| Untracked 
|  46|0x000000060b800000, 0x000000060b800000, 0x000000060bc00000|  0%| F|  |TAMS 0x000000060b800000| PB 0x000000060b800000| Untracked 
|  47|0x000000060bc00000, 0x000000060bc00000, 0x000000060c000000|  0%| F|  |TAMS 0x000000060bc00000| PB 0x000000060bc00000| Untracked 
|  48|0x000000060c000000, 0x000000060c000000, 0x000000060c400000|  0%| F|  |TAMS 0x000000060c000000| PB 0x000000060c000000| Untracked 
|  49|0x000000060c400000, 0x000000060c400000, 0x000000060c800000|  0%| F|  |TAMS 0x000000060c400000| PB 0x000000060c400000| Untracked 
|  50|0x000000060c800000, 0x000000060c800000, 0x000000060cc00000|  0%| F|  |TAMS 0x000000060c800000| PB 0x000000060c800000| Untracked 
|  51|0x000000060cc00000, 0x000000060cc00000, 0x000000060d000000|  0%| F|  |TAMS 0x000000060cc00000| PB 0x000000060cc00000| Untracked 
|  52|0x000000060d000000, 0x000000060d000000, 0x000000060d400000|  0%| F|  |TAMS 0x000000060d000000| PB 0x000000060d000000| Untracked 
|  53|0x000000060d400000, 0x000000060d400000, 0x000000060d800000|  0%| F|  |TAMS 0x000000060d400000| PB 0x000000060d400000| Untracked 
|  54|0x000000060d800000, 0x000000060d800000, 0x000000060dc00000|  0%| F|  |TAMS 0x000000060d800000| PB 0x000000060d800000| Untracked 
|  55|0x000000060dc00000, 0x000000060dc00000, 0x000000060e000000|  0%| F|  |TAMS 0x000000060dc00000| PB 0x000000060dc00000| Untracked 
|  56|0x000000060e000000, 0x000000060e34ecc0, 0x000000060e400000| 82%| E|  |TAMS 0x000000060e000000| PB 0x000000060e000000| Complete 
|  57|0x000000060e400000, 0x000000060e800000, 0x000000060e800000|100%| E|CS|TAMS 0x000000060e400000| PB 0x000000060e400000| Complete 
|  58|0x000000060e800000, 0x000000060ec00000, 0x000000060ec00000|100%| E|CS|TAMS 0x000000060e800000| PB 0x000000060e800000| Complete 
|  59|0x000000060ec00000, 0x000000060f000000, 0x000000060f000000|100%| E|CS|TAMS 0x000000060ec00000| PB 0x000000060ec00000| Complete 
|  60|0x000000060f000000, 0x000000060f400000, 0x000000060f400000|100%| E|CS|TAMS 0x000000060f000000| PB 0x000000060f000000| Complete 
|  61|0x000000060f400000, 0x000000060f800000, 0x000000060f800000|100%| E|CS|TAMS 0x000000060f400000| PB 0x000000060f400000| Complete 
|  62|0x000000060f800000, 0x000000060fc00000, 0x000000060fc00000|100%| E|  |TAMS 0x000000060f800000| PB 0x000000060f800000| Complete 
|  63|0x000000060fc00000, 0x0000000610000000, 0x0000000610000000|100%| E|CS|TAMS 0x000000060fc00000| PB 0x000000060fc00000| Complete 
|  64|0x0000000610000000, 0x0000000610400000, 0x0000000610400000|100%| E|CS|TAMS 0x0000000610000000| PB 0x0000000610000000| Complete 
|  65|0x0000000610400000, 0x0000000610800000, 0x0000000610800000|100%| E|CS|TAMS 0x0000000610400000| PB 0x0000000610400000| Complete 
|  66|0x0000000610800000, 0x0000000610c00000, 0x0000000610c00000|100%| E|CS|TAMS 0x0000000610800000| PB 0x0000000610800000| Complete 
|  67|0x0000000610c00000, 0x0000000611000000, 0x0000000611000000|100%| E|CS|TAMS 0x0000000610c00000| PB 0x0000000610c00000| Complete 
|  68|0x0000000611000000, 0x0000000611400000, 0x0000000611400000|100%| E|CS|TAMS 0x0000000611000000| PB 0x0000000611000000| Complete 
|  69|0x0000000611400000, 0x0000000611800000, 0x0000000611800000|100%| E|CS|TAMS 0x0000000611400000| PB 0x0000000611400000| Complete 
|  70|0x0000000611800000, 0x0000000611c00000, 0x0000000611c00000|100%| E|CS|TAMS 0x0000000611800000| PB 0x0000000611800000| Complete 
|  71|0x0000000611c00000, 0x0000000612000000, 0x0000000612000000|100%| E|CS|TAMS 0x0000000611c00000| PB 0x0000000611c00000| Complete 
|2046|0x00000007ff800000, 0x00000007ffc00000, 0x00000007ffc00000|100%| O|  |TAMS 0x00000007ff800000| PB 0x00000007ff800000| Untracked 
|2047|0x00000007ffc00000, 0x0000000800000000, 0x0000000800000000|100%| O|  |TAMS 0x00000007ffc00000| PB 0x00000007ffc00000| Untracked 

Card table byte_map: [0x00000146bffc0000,0x00000146c0fc0000] _byte_map_base: 0x00000146bcfc0000

Marking Bits: (CMBitMap*) 0x000001469b6fb0e0
 Bits: [0x00000146c0fc0000, 0x00000146c8fc0000)

Polling page: 0x00000146991a0000

Metaspace:

Usage:
  Non-class:     76.00 MB used.
      Class:     12.17 MB used.
       Both:     88.17 MB used.

Virtual space:
  Non-class space:      128.00 MB reserved,      77.19 MB ( 60%) committed,  2 nodes.
      Class space:        1.00 GB reserved,      13.38 MB (  1%) committed,  1 nodes.
             Both:        1.12 GB reserved,      90.56 MB (  8%) committed. 

Chunk freelists:
   Non-Class:  1.98 MB
       Class:  2.62 MB
        Both:  4.61 MB

MaxMetaspaceSize: 4.00 GB
CompressedClassSpaceSize: 1.00 GB
Initial GC threshold: 21.00 MB
Current GC threshold: 150.75 MB
CDS: on
 - commit_granule_bytes: 65536.
 - commit_granule_words: 8192.
 - virtual_space_node_default_size: 8388608.
 - enlarge_chunks_in_place: 1.
 - use_allocation_guard: 0.


Internal statistics:

num_allocs_failed_limit: 12.
num_arena_births: 4174.
num_arena_deaths: 0.
num_vsnodes_births: 3.
num_vsnodes_deaths: 0.
num_space_committed: 1449.
num_space_uncommitted: 0.
num_chunks_returned_to_freelist: 12.
num_chunks_taken_from_freelist: 8356.
num_chunk_merges: 12.
num_chunk_splits: 5285.
num_chunks_enlarged: 3114.
num_inconsistent_stats: 0.

CodeHeap 'non-profiled nmethods': size=259264Kb used=8853Kb max_used=8924Kb free=250410Kb
 bounds [0x00000146aeb10000, 0x00000146af3d0000, 0x00000146be840000]
CodeHeap 'profiled nmethods': size=259264Kb used=22770Kb max_used=23491Kb free=236494Kb
 bounds [0x000001469e840000, 0x000001469ff40000, 0x00000146ae570000]
CodeHeap 'non-nmethods': size=5760Kb used=2953Kb max_used=3025Kb free=2806Kb
 bounds [0x00000146ae570000, 0x00000146ae880000, 0x00000146aeb10000]
 total_blobs=13353 nmethods=12321 adapters=936
 compilation: enabled
              stopped_count=0, restarted_count=0
 full_count=0

Compilation events (20 events):
Event: 98.066 Thread 0x0000014711035b20 nmethod 15168 0x000001469f75bd10 code [0x000001469f75c140, 0x000001469f75e148]
Event: 98.067 Thread 0x0000014711035b20 15169       3       org.gradle.api.internal.artifacts.transform.AbstractTransformExecution::emitIdentifyTransformExecutionProgressDetails (33 bytes)
Event: 98.067 Thread 0x0000014711035b20 nmethod 15169 0x000001469fb54a90 code [0x000001469fb54ca0, 0x000001469fb55350]
Event: 98.067 Thread 0x0000014711035b20 15170       3       org.gradle.api.internal.artifacts.transform.AbstractTransformExecution$DefaultIdentifyTransformExecutionProgressDetails::<init> (26 bytes)
Event: 98.068 Thread 0x0000014711035b20 nmethod 15170 0x000001469faeb990 code [0x000001469faebb40, 0x000001469faebe38]
Event: 98.068 Thread 0x0000014711035b20 15171       3       org.gradle.cache.internal.DefaultCrossBuildInMemoryCacheFactory$CrossBuildCacheRetainingDataFromPreviousBuild::getIfPresent (17 bytes)
Event: 98.068 Thread 0x0000014711035b20 nmethod 15171 0x000001469f4a7f90 code [0x000001469f4a8180, 0x000001469f4a8670]
Event: 98.068 Thread 0x0000014711035b20 15172       3       org.gradle.cache.ManualEvictionInMemoryCache::getIfPresent (11 bytes)
Event: 98.068 Thread 0x0000014711035b20 nmethod 15172 0x000001469fbfb410 code [0x000001469fbfb5c0, 0x000001469fbfb7a0]
Event: 98.068 Thread 0x0000014711035b20 15173       3       org.gradle.api.internal.artifacts.transform.DefaultTransformInvocationFactory::createInvocation (273 bytes)
Event: 98.068 Thread 0x0000014711025580 15174       4       org.gradle.internal.classpath.ClasspathWalker$ZipClasspathEntry::getName (10 bytes)
Event: 98.070 Thread 0x0000014711025580 nmethod 15174 0x00000146af340010 code [0x00000146af3401a0, 0x00000146af3402b0]
Event: 98.073 Thread 0x0000014711035b20 nmethod 15173 0x000001469ea3f490 code [0x000001469ea3fa60, 0x000001469ea42dd0]
Event: 98.114 Thread 0x0000014711035b20 15175       3       org.gradle.internal.execution.steps.IdentityCacheStep$DefaultExecuteDeferredWorkProgressDetails::<init> (20 bytes)
Event: 98.114 Thread 0x0000014711035b20 nmethod 15175 0x000001469f0c4490 code [0x000001469f0c4640, 0x000001469f0c48d8]
Event: 98.114 Thread 0x0000014711035b20 15176       3       org.gradle.api.internal.artifacts.transform.TransformStepSubject::createSubjectFromResult (10 bytes)
Event: 98.115 Thread 0x0000014711035b20 nmethod 15176 0x000001469f487210 code [0x000001469f4873c0, 0x000001469f487708]
Event: 98.182 Thread 0x0000014713200100 nmethod 15145 0x00000146af32ed90 code [0x00000146af32f440, 0x00000146af334be0]
Event: 98.457 Thread 0x0000014711035b20 15177       3       org.gradle.internal.execution.steps.IdentityCacheStep::executeDeferred (11 bytes)
Event: 98.458 Thread 0x0000014711025580 15181       4       java.util.Arrays::sort (47 bytes)

GC Heap History (20 events):
Event: 91.113 GC heap before
{Heap before GC invocations=42 (full 0):
 garbage-first heap   total 163840K, used 139998K [0x0000000600000000, 0x0000000800000000)
  region size 4096K, 13 young (53248K), 2 survivors (8192K)
 Metaspace       used 90072K, committed 92416K, reserved 1179648K
  class space    used 12458K, committed 13632K, reserved 1048576K
}
Event: 91.117 GC heap after
{Heap after GC invocations=43 (full 0):
 garbage-first heap   total 163840K, used 95948K [0x0000000600000000, 0x0000000800000000)
  region size 4096K, 2 young (8192K), 2 survivors (8192K)
 Metaspace       used 90072K, committed 92416K, reserved 1179648K
  class space    used 12458K, committed 13632K, reserved 1048576K
}
Event: 91.354 GC heap before
{Heap before GC invocations=43 (full 0):
 garbage-first heap   total 163840K, used 136908K [0x0000000600000000, 0x0000000800000000)
  region size 4096K, 13 young (53248K), 2 survivors (8192K)
 Metaspace       used 90076K, committed 92416K, reserved 1179648K
  class space    used 12458K, committed 13632K, reserved 1048576K
}
Event: 91.358 GC heap after
{Heap after GC invocations=44 (full 0):
 garbage-first heap   total 163840K, used 97035K [0x0000000600000000, 0x0000000800000000)
  region size 4096K, 1 young (4096K), 1 survivors (4096K)
 Metaspace       used 90076K, committed 92416K, reserved 1179648K
  class space    used 12458K, committed 13632K, reserved 1048576K
}
Event: 92.004 GC heap before
{Heap before GC invocations=45 (full 0):
 garbage-first heap   total 163840K, used 150283K [0x0000000600000000, 0x0000000800000000)
  region size 4096K, 14 young (57344K), 1 survivors (4096K)
 Metaspace       used 90107K, committed 92480K, reserved 1179648K
  class space    used 12458K, committed 13632K, reserved 1048576K
}
Event: 92.009 GC heap after
{Heap after GC invocations=46 (full 0):
 garbage-first heap   total 163840K, used 98898K [0x0000000600000000, 0x0000000800000000)
  region size 4096K, 2 young (8192K), 2 survivors (8192K)
 Metaspace       used 90107K, committed 92480K, reserved 1179648K
  class space    used 12458K, committed 13632K, reserved 1048576K
}
Event: 92.287 GC heap before
{Heap before GC invocations=46 (full 0):
 garbage-first heap   total 163840K, used 139858K [0x0000000600000000, 0x0000000800000000)
  region size 4096K, 13 young (53248K), 2 survivors (8192K)
 Metaspace       used 90126K, committed 92608K, reserved 1179648K
  class space    used 12459K, committed 13696K, reserved 1048576K
}
Event: 92.293 GC heap after
{Heap after GC invocations=47 (full 0):
 garbage-first heap   total 163840K, used 99835K [0x0000000600000000, 0x0000000800000000)
  region size 4096K, 2 young (8192K), 2 survivors (8192K)
 Metaspace       used 90126K, committed 92608K, reserved 1179648K
  class space    used 12459K, committed 13696K, reserved 1048576K
}
Event: 92.574 GC heap before
{Heap before GC invocations=47 (full 0):
 garbage-first heap   total 163840K, used 140795K [0x0000000600000000, 0x0000000800000000)
  region size 4096K, 13 young (53248K), 2 survivors (8192K)
 Metaspace       used 90132K, committed 92608K, reserved 1179648K
  class space    used 12459K, committed 13696K, reserved 1048576K
}
Event: 92.578 GC heap after
{Heap after GC invocations=48 (full 0):
 garbage-first heap   total 163840K, used 103794K [0x0000000600000000, 0x0000000800000000)
  region size 4096K, 2 young (8192K), 2 survivors (8192K)
 Metaspace       used 90132K, committed 92608K, reserved 1179648K
  class space    used 12459K, committed 13696K, reserved 1048576K
}
Event: 92.724 GC heap before
{Heap before GC invocations=49 (full 0):
 garbage-first heap   total 180224K, used 140658K [0x0000000600000000, 0x0000000800000000)
  region size 4096K, 12 young (49152K), 2 survivors (8192K)
 Metaspace       used 90134K, committed 92608K, reserved 1179648K
  class space    used 12459K, committed 13696K, reserved 1048576K
}
Event: 92.729 GC heap after
{Heap after GC invocations=50 (full 0):
 garbage-first heap   total 180224K, used 107458K [0x0000000600000000, 0x0000000800000000)
  region size 4096K, 1 young (4096K), 1 survivors (4096K)
 Metaspace       used 90134K, committed 92608K, reserved 1179648K
  class space    used 12459K, committed 13696K, reserved 1048576K
}
Event: 92.900 GC heap before
{Heap before GC invocations=50 (full 0):
 garbage-first heap   total 180224K, used 160706K [0x0000000600000000, 0x0000000800000000)
  region size 4096K, 15 young (61440K), 1 survivors (4096K)
 Metaspace       used 90140K, committed 92608K, reserved 1179648K
  class space    used 12459K, committed 13696K, reserved 1048576K
}
Event: 92.905 GC heap after
{Heap after GC invocations=51 (full 0):
 garbage-first heap   total 303104K, used 107864K [0x0000000600000000, 0x0000000800000000)
  region size 4096K, 1 young (4096K), 1 survivors (4096K)
 Metaspace       used 90140K, committed 92608K, reserved 1179648K
  class space    used 12459K, committed 13696K, reserved 1048576K
}
Event: 93.560 GC heap before
{Heap before GC invocations=51 (full 0):
 garbage-first heap   total 303104K, used 275800K [0x0000000600000000, 0x0000000800000000)
  region size 4096K, 42 young (172032K), 1 survivors (4096K)
 Metaspace       used 90148K, committed 92608K, reserved 1179648K
  class space    used 12459K, committed 13696K, reserved 1048576K
}
Event: 93.565 GC heap after
{Heap after GC invocations=52 (full 0):
 garbage-first heap   total 303104K, used 112958K [0x0000000600000000, 0x0000000800000000)
  region size 4096K, 2 young (8192K), 2 survivors (8192K)
 Metaspace       used 90148K, committed 92608K, reserved 1179648K
  class space    used 12459K, committed 13696K, reserved 1048576K
}
Event: 95.445 GC heap before
{Heap before GC invocations=52 (full 0):
 garbage-first heap   total 303104K, used 268606K [0x0000000600000000, 0x0000000800000000)
  region size 4096K, 42 young (172032K), 2 survivors (8192K)
 Metaspace       used 90213K, committed 92672K, reserved 1179648K
  class space    used 12459K, committed 13696K, reserved 1048576K
}
Event: 95.452 GC heap after
{Heap after GC invocations=53 (full 0):
 garbage-first heap   total 303104K, used 118698K [0x0000000600000000, 0x0000000800000000)
  region size 4096K, 4 young (16384K), 4 survivors (16384K)
 Metaspace       used 90213K, committed 92672K, reserved 1179648K
  class space    used 12459K, committed 13696K, reserved 1048576K
}
Event: 97.425 GC heap before
{Heap before GC invocations=53 (full 0):
 garbage-first heap   total 303104K, used 257962K [0x0000000600000000, 0x0000000800000000)
  region size 4096K, 39 young (159744K), 4 survivors (16384K)
 Metaspace       used 90250K, committed 92672K, reserved 1179648K
  class space    used 12459K, committed 13696K, reserved 1048576K
}
Event: 97.433 GC heap after
{Heap after GC invocations=54 (full 0):
 garbage-first heap   total 303104K, used 122923K [0x0000000600000000, 0x0000000800000000)
  region size 4096K, 3 young (12288K), 3 survivors (12288K)
 Metaspace       used 90250K, committed 92672K, reserved 1179648K
  class space    used 12459K, committed 13696K, reserved 1048576K
}

Dll operation events (16 events):
Event: 0.020 Loaded shared library C:\Users\gabri\.vscode\extensions\redhat.java-1.43.1-win32-x64\jre\21.0.7-win32-x86_64\bin\java.dll
Event: 0.149 Loaded shared library C:\Users\gabri\.vscode\extensions\redhat.java-1.43.1-win32-x64\jre\21.0.7-win32-x86_64\bin\zip.dll
Event: 0.183 Loaded shared library C:\Users\gabri\.vscode\extensions\redhat.java-1.43.1-win32-x64\jre\21.0.7-win32-x86_64\bin\instrument.dll
Event: 0.191 Loaded shared library C:\Users\gabri\.vscode\extensions\redhat.java-1.43.1-win32-x64\jre\21.0.7-win32-x86_64\bin\net.dll
Event: 0.194 Loaded shared library C:\Users\gabri\.vscode\extensions\redhat.java-1.43.1-win32-x64\jre\21.0.7-win32-x86_64\bin\nio.dll
Event: 0.199 Loaded shared library C:\Users\gabri\.vscode\extensions\redhat.java-1.43.1-win32-x64\jre\21.0.7-win32-x86_64\bin\zip.dll
Event: 0.597 Loaded shared library C:\Users\gabri\.vscode\extensions\redhat.java-1.43.1-win32-x64\jre\21.0.7-win32-x86_64\bin\jimage.dll
Event: 0.842 Loaded shared library C:\Users\gabri\.vscode\extensions\redhat.java-1.43.1-win32-x64\jre\21.0.7-win32-x86_64\bin\verify.dll
Event: 1.088 Loaded shared library C:\Users\gabri\.gradle\native\1def1411415f61bf3af743bc5b6707747c0891f09f0c88961ee8f79bc544acac\windows-amd64\native-platform.dll
Event: 1.108 Loaded shared library C:\Users\gabri\.gradle\native\0.2.5\x86_64-windows-gnu\gradle-fileevents.dll
Event: 3.049 Loaded shared library C:\Users\gabri\.vscode\extensions\redhat.java-1.43.1-win32-x64\jre\21.0.7-win32-x86_64\bin\management.dll
Event: 3.054 Loaded shared library C:\Users\gabri\.vscode\extensions\redhat.java-1.43.1-win32-x64\jre\21.0.7-win32-x86_64\bin\management_ext.dll
Event: 3.438 Loaded shared library C:\Users\gabri\.vscode\extensions\redhat.java-1.43.1-win32-x64\jre\21.0.7-win32-x86_64\bin\extnet.dll
Event: 3.710 Loaded shared library C:\Users\gabri\.vscode\extensions\redhat.java-1.43.1-win32-x64\jre\21.0.7-win32-x86_64\bin\sunmscapi.dll
Event: 5.119 Loaded shared library C:\Users\gabri\AppData\Local\Temp\native-platform8703300219121863881dir\gradle-fileevents.dll
Event: 25.681 Loaded shared library C:\Users\gabri\.vscode\extensions\redhat.java-1.43.1-win32-x64\jre\21.0.7-win32-x86_64\bin\rmi.dll

Deoptimization events (20 events):
Event: 97.745 Thread 0x000001471361c1c0 Uncommon trap: trap_request=0xffffff76 fr.pc=0x00000146af389f8c relative=0x00000000000023ac
Event: 97.745 Thread 0x000001471361c1c0 Uncommon trap: reason=predicate action=maybe_recompile pc=0x00000146af389f8c method=com.google.common.io.ByteStreams.read(Ljava/io/InputStream;[BII)I @ 53 c2
Event: 97.745 Thread 0x000001471361c1c0 DEOPT PACKING pc=0x00000146af389f8c sp=0x00000029eb4fb8a0
Event: 97.745 Thread 0x000001471361c1c0 DEOPT UNPACKING pc=0x00000146ae5c46a2 sp=0x00000029eb4fb480 mode 2
Event: 97.746 Thread 0x000001471361c1c0 Uncommon trap: trap_request=0xffffff76 fr.pc=0x00000146af38f1fc relative=0x000000000000239c
Event: 97.746 Thread 0x000001471361c1c0 Uncommon trap: reason=predicate action=maybe_recompile pc=0x00000146af38f1fc method=com.google.common.io.ByteStreams.read(Ljava/io/InputStream;[BII)I @ 53 c2
Event: 97.746 Thread 0x000001471361c1c0 DEOPT PACKING pc=0x00000146af38f1fc sp=0x00000029eb4fb820
Event: 97.746 Thread 0x000001471361c1c0 DEOPT UNPACKING pc=0x00000146ae5c46a2 sp=0x00000029eb4fb480 mode 2
Event: 97.746 Thread 0x000001471361c1c0 Uncommon trap: trap_request=0xffffff76 fr.pc=0x00000146af367864 relative=0x0000000000000344
Event: 97.746 Thread 0x000001471361c1c0 Uncommon trap: reason=predicate action=maybe_recompile pc=0x00000146af367864 method=com.google.common.io.ByteStreams.read(Ljava/io/InputStream;[BII)I @ 53 c2
Event: 97.746 Thread 0x000001471361c1c0 DEOPT PACKING pc=0x00000146af367864 sp=0x00000029eb4fb780
Event: 97.746 Thread 0x000001471361c1c0 DEOPT UNPACKING pc=0x00000146ae5c46a2 sp=0x00000029eb4fb4c0 mode 2
Event: 97.746 Thread 0x000001471361c1c0 Uncommon trap: trap_request=0xffffff76 fr.pc=0x00000146af365f80 relative=0x0000000000000140
Event: 97.746 Thread 0x000001471361c1c0 Uncommon trap: reason=predicate action=maybe_recompile pc=0x00000146af365f80 method=com.google.common.io.ByteStreams.read(Ljava/io/InputStream;[BII)I @ 53 c2
Event: 97.746 Thread 0x000001471361c1c0 DEOPT PACKING pc=0x00000146af365f80 sp=0x00000029eb4fb640
Event: 97.746 Thread 0x000001471361c1c0 DEOPT UNPACKING pc=0x00000146ae5c46a2 sp=0x00000029eb4fb548 mode 2
Event: 97.746 Thread 0x000001471361c1c0 Uncommon trap: trap_request=0xffffff76 fr.pc=0x00000146af3425b0 relative=0x00000000000000f0
Event: 97.746 Thread 0x000001471361c1c0 Uncommon trap: reason=predicate action=maybe_recompile pc=0x00000146af3425b0 method=com.google.common.io.ByteStreams.read(Ljava/io/InputStream;[BII)I @ 53 c2
Event: 97.746 Thread 0x000001471361c1c0 DEOPT PACKING pc=0x00000146af3425b0 sp=0x00000029eb4fb5a0
Event: 97.746 Thread 0x000001471361c1c0 DEOPT UNPACKING pc=0x00000146ae5c46a2 sp=0x00000029eb4fb548 mode 2

Classes loaded (20 events):
Event: 59.640 Loading class java/util/concurrent/locks/ReentrantReadWriteLock$Sync$HoldCounter
Event: 59.640 Loading class java/util/concurrent/locks/ReentrantReadWriteLock$Sync$HoldCounter done
Event: 59.959 Loading class com/sun/org/apache/xerces/internal/util/EncodingMap
Event: 59.960 Loading class com/sun/org/apache/xerces/internal/util/EncodingMap done
Event: 59.961 Loading class sun/nio/cs/ISO_8859_1$Decoder
Event: 59.962 Loading class sun/nio/cs/ISO_8859_1$Decoder done
Event: 69.217 Loading class java/util/Collections$ReverseComparator
Event: 69.217 Loading class java/util/Collections$ReverseComparator done
Event: 69.217 Loading class java/util/Collections$ReverseComparator2
Event: 69.217 Loading class java/util/Collections$ReverseComparator2 done
Event: 90.384 Loading class java/util/zip/ZipFile$ZipEntryIterator
Event: 90.384 Loading class java/util/zip/ZipFile$ZipEntryIterator done
Event: 90.389 Loading class java/util/zip/ZipInputStream
Event: 90.390 Loading class java/util/zip/ZipInputStream done
Event: 90.418 Loading class sun/nio/ch/ChannelOutputStream
Event: 90.418 Loading class sun/nio/ch/ChannelOutputStream done
Event: 90.523 Loading class java/nio/file/StandardCopyOption
Event: 90.523 Loading class java/nio/file/StandardCopyOption done
Event: 90.524 Loading class sun/nio/fs/WindowsFileCopy
Event: 90.524 Loading class sun/nio/fs/WindowsFileCopy done

Classes unloaded (0 events):
No events

Classes redefined (0 events):
No events

Internal exceptions (20 events):
Event: 53.616 Thread 0x00000147120a7e00 Exception <a 'sun/nio/fs/WindowsException'{0x000000060875c068}> (0x000000060875c068) 
thrown [s\src\hotspot\share\prims\jni.cpp, line 520]
Event: 53.620 Thread 0x00000147120a7e00 Exception <a 'sun/nio/fs/WindowsException'{0x000000060876ec58}> (0x000000060876ec58) 
thrown [s\src\hotspot\share\prims\jni.cpp, line 520]
Event: 53.981 Thread 0x0000014712d85470 Exception <a 'java/lang/NoSuchMethodError'{0x00000006059ff9a0}: static Lorg/gradle/internal/build/event/types/DefaultFileDownloadDescriptor;.<clinit>()V> (0x00000006059ff9a0) 
thrown [s\src\hotspot\share\prims\jni.cpp, line 1111]
Event: 54.052 Thread 0x0000014712cc1230 Exception <a 'sun/nio/fs/WindowsException'{0x0000000605ba47f8}> (0x0000000605ba47f8) 
thrown [s\src\hotspot\share\prims\jni.cpp, line 520]
Event: 54.181 Thread 0x0000014718d1c5d0 Implicit null exception at 0x00000146aef74e0b to 0x00000146aef74ee0
Event: 56.813 Thread 0x0000014712d85470 Exception <a 'java/lang/NoSuchMethodError'{0x0000000608610b60}: static Lorg/gradle/internal/build/event/types/NotFoundFileDownloadSuccessResult;.<clinit>()V> (0x0000000608610b60) 
thrown [s\src\hotspot\share\prims\jni.cpp, line 1111]
Event: 57.369 Thread 0x0000014712d85470 Exception <a 'java/lang/NoSuchMethodError'{0x000000060876e708}: static Lorg/gradle/internal/build/event/types/DefaultStatusEvent;.<clinit>()V> (0x000000060876e708) 
thrown [s\src\hotspot\share\prims\jni.cpp, line 1111]
Event: 57.377 Thread 0x0000014712d85470 Exception <a 'java/lang/NoSuchMethodError'{0x000000060877e1d0}: static Lorg/gradle/internal/build/event/types/DefaultFileDownloadSuccessResult;.<clinit>()V> (0x000000060877e1d0) 
thrown [s\src\hotspot\share\prims\jni.cpp, line 1111]
Event: 57.455 Thread 0x0000014712cc1230 Exception <a 'java/lang/NoSuchMethodError'{0x00000006068818b8}: 'int java.lang.invoke.DirectMethodHandle$Holder.invokeSpecial(java.lang.Object, java.lang.Object, int)'> (0x00000006068818b8) 
thrown [s\src\hotspot\share\interpreter\linkResolver.cpp, line 773]
Event: 67.129 Thread 0x0000014712cc1230 Implicit null exception at 0x00000146af1b834c to 0x00000146af1ba590
Event: 67.129 Thread 0x0000014712372f40 Implicit null exception at 0x00000146af1b834c to 0x00000146af1ba590
Event: 67.129 Thread 0x000001471236c640 Implicit null exception at 0x00000146af1b834c to 0x00000146af1ba590
Event: 67.129 Thread 0x000001471236ccd0 Implicit null exception at 0x00000146af1b834c to 0x00000146af1ba590
Event: 67.129 Thread 0x0000014712370150 Implicit null exception at 0x00000146af1b834c to 0x00000146af1ba590
Event: 82.411 Thread 0x0000014712cc1230 Implicit null exception at 0x00000146af2f1aa2 to 0x00000146af2f95d0
Event: 82.411 Thread 0x00000147120a2f40 Implicit null exception at 0x00000146af2fdbc3 to 0x00000146af301ad4
Event: 90.386 Thread 0x00000147120a63c0 Implicit null exception at 0x00000146aed1036f to 0x00000146aed10ee0
Event: 91.490 Thread 0x00000147120a70e0 Implicit null exception at 0x00000146af33fa3b to 0x00000146af340450
Event: 91.520 Thread 0x000001471361c1c0 Implicit null exception at 0x00000146af3419c7 to 0x00000146af341dfd
Event: 92.025 Thread 0x000001471361c1c0 Implicit null exception at 0x00000146af26eb7a to 0x00000146af26ed88

ZGC Phase Switch (0 events):
No events

VM Operations (20 events):
Event: 93.560 Executing VM operation: G1CollectForAllocation (G1 Evacuation Pause)
Event: 93.565 Executing VM operation: G1CollectForAllocation (G1 Evacuation Pause) done
Event: 94.566 Executing VM operation: Cleanup
Event: 94.566 Executing VM operation: Cleanup done
Event: 95.444 Executing VM operation: G1CollectForAllocation (G1 Evacuation Pause)
Event: 95.444 Executing VM operation: G1CollectForAllocation (G1 Evacuation Pause) done
Event: 95.445 Executing VM operation: G1CollectForAllocation (GCLocker Initiated GC)
Event: 95.452 Executing VM operation: G1CollectForAllocation (GCLocker Initiated GC) done
Event: 96.464 Executing VM operation: Cleanup
Event: 96.464 Executing VM operation: Cleanup done
Event: 97.425 Executing VM operation: G1CollectForAllocation (G1 Evacuation Pause)
Event: 97.425 Executing VM operation: G1CollectForAllocation (G1 Evacuation Pause) done
Event: 97.425 Executing VM operation: G1CollectForAllocation (GCLocker Initiated GC)
Event: 97.433 Executing VM operation: G1CollectForAllocation (GCLocker Initiated GC) done
Event: 97.523 Executing VM operation: G1PauseRemark
Event: 97.534 Executing VM operation: G1PauseRemark done
Event: 97.563 Executing VM operation: G1PauseCleanup
Event: 97.563 Executing VM operation: G1PauseCleanup done
Event: 98.568 Executing VM operation: Cleanup
Event: 98.568 Executing VM operation: Cleanup done

Memory protections (0 events):
No events

Nmethod flushes (20 events):
Event: 97.533 Thread 0x00000146c91ba010 flushing  nmethod 0x000001469fb54a90
Event: 97.533 Thread 0x00000146c91ba010 flushing  nmethod 0x000001469fb9b510
Event: 97.533 Thread 0x00000146c91ba010 flushing  nmethod 0x00000146af084590
Event: 97.533 Thread 0x00000146c91ba010 flushing  nmethod 0x00000146af26e990
Event: 97.533 Thread 0x00000146c91ba010 flushing  nmethod 0x000001469eb20390
Event: 97.533 Thread 0x00000146c91ba010 flushing  nmethod 0x000001469eb20f10
Event: 97.533 Thread 0x00000146c91ba010 flushing  nmethod 0x000001469ee9d510
Event: 97.533 Thread 0x00000146c91ba010 flushing  nmethod 0x000001469f2b7e90
Event: 97.533 Thread 0x00000146c91ba010 flushing  nmethod 0x000001469f401890
Event: 97.533 Thread 0x00000146c91ba010 flushing  nmethod 0x000001469fbc8c90
Event: 97.533 Thread 0x00000146c91ba010 flushing  nmethod 0x000001469fbfb410
Event: 97.533 Thread 0x00000146c91ba010 flushing  nmethod 0x00000146af33e990
Event: 97.533 Thread 0x00000146c91ba010 flushing  nmethod 0x00000146af341390
Event: 97.533 Thread 0x00000146c91ba010 flushing  nmethod 0x00000146af343610
Event: 97.533 Thread 0x00000146c91ba010 flushing  nmethod 0x000001469e8d2b10
Event: 97.533 Thread 0x00000146c91ba010 flushing  nmethod 0x000001469ee5e590
Event: 97.533 Thread 0x00000146c91ba010 flushing  nmethod 0x000001469f17a390
Event: 97.533 Thread 0x00000146c91ba010 flushing  nmethod 0x000001469f374390
Event: 97.533 Thread 0x00000146c91ba010 flushing  nmethod 0x000001469f5f0090
Event: 97.533 Thread 0x00000146c91ba010 flushing  nmethod 0x000001469f9e4290

Events (20 events):
Event: 69.218 Thread 0x0000014712cc1230 Thread added: 0x0000014712372220
Event: 69.224 Thread 0x0000014712cc1230 Thread added: 0x00000147123742f0
Event: 69.224 Thread 0x0000014712cc1230 Thread added: 0x00000147123728b0
Event: 70.368 Thread 0x0000014712cc1230 Thread added: 0x0000014712374980
Event: 76.256 Thread 0x0000014711035b20 Thread added: 0x0000014716e25880
Event: 77.190 Thread 0x0000014711025580 Thread added: 0x0000014713200100
Event: 78.196 Thread 0x0000014713200100 Thread exited: 0x0000014713200100
Event: 78.196 Thread 0x0000014716e25880 Thread exited: 0x0000014716e25880
Event: 78.360 Thread 0x0000014711025580 Thread added: 0x0000014716e25880
Event: 78.360 Thread 0x0000014711025580 Thread added: 0x0000014713200100
Event: 79.361 Thread 0x0000014713200100 Thread exited: 0x0000014713200100
Event: 79.496 Thread 0x0000014716e25880 Thread exited: 0x0000014716e25880
Event: 90.422 Thread 0x0000014711035b20 Thread added: 0x0000014713200100
Event: 90.428 Thread 0x0000014711035b20 Thread added: 0x00000147165d26a0
Event: 92.595 Thread 0x00000147165d26a0 Thread exited: 0x00000147165d26a0
Event: 93.227 Thread 0x0000014713200100 Thread exited: 0x0000014713200100
Event: 94.457 Thread 0x0000014711035b20 Thread added: 0x0000014713200100
Event: 94.900 Thread 0x0000014713200100 Thread exited: 0x0000014713200100
Event: 97.750 Thread 0x0000014711035b20 Thread added: 0x0000014713200100
Event: 97.774 Thread 0x0000014711035b20 Thread added: 0x00000147165d26a0


Dynamic libraries:
0x00007ff68f9f0000 - 0x00007ff68f9fe000 	C:\Users\gabri\.vscode\extensions\redhat.java-1.43.1-win32-x64\jre\21.0.7-win32-x86_64\bin\java.exe
0x00007ffda3460000 - 0x00007ffda36c8000 	C:\WINDOWS\SYSTEM32\ntdll.dll
0x00007ffda17c0000 - 0x00007ffda1889000 	C:\WINDOWS\System32\KERNEL32.DLL
0x00007ffda0cd0000 - 0x00007ffda10bd000 	C:\WINDOWS\System32\KERNELBASE.dll
0x00007ffda0930000 - 0x00007ffda0a7b000 	C:\WINDOWS\System32\ucrtbase.dll
0x00007ffd54290000 - 0x00007ffd542ae000 	C:\Users\gabri\.vscode\extensions\redhat.java-1.43.1-win32-x64\jre\21.0.7-win32-x86_64\bin\VCRUNTIME140.dll
0x00007ffd543e0000 - 0x00007ffd543f8000 	C:\Users\gabri\.vscode\extensions\redhat.java-1.43.1-win32-x64\jre\21.0.7-win32-x86_64\bin\jli.dll
0x00007ffda31f0000 - 0x00007ffda33bc000 	C:\WINDOWS\System32\USER32.dll
0x00007ffda0a80000 - 0x00007ffda0aa7000 	C:\WINDOWS\System32\win32u.dll
0x00007ffd8b170000 - 0x00007ffd8b40a000 	C:\WINDOWS\WinSxS\amd64_microsoft.windows.common-controls_6595b64144ccf1df_6.0.26100.4484_none_3e0e6d4ce32ef3b3\COMCTL32.dll
0x00007ffda24f0000 - 0x00007ffda2599000 	C:\WINDOWS\System32\msvcrt.dll
0x00007ffda26a0000 - 0x00007ffda26cb000 	C:\WINDOWS\System32\GDI32.dll
0x00007ffda10c0000 - 0x00007ffda11f7000 	C:\WINDOWS\System32\gdi32full.dll
0x00007ffda07f0000 - 0x00007ffda0893000 	C:\WINDOWS\System32\msvcp_win.dll
0x00007ffda16d0000 - 0x00007ffda16ff000 	C:\WINDOWS\System32\IMM32.DLL
0x00007ffd8a460000 - 0x00007ffd8a46c000 	C:\Users\gabri\.vscode\extensions\redhat.java-1.43.1-win32-x64\jre\21.0.7-win32-x86_64\bin\vcruntime140_1.dll
0x00007ffd51770000 - 0x00007ffd517fd000 	C:\Users\gabri\.vscode\extensions\redhat.java-1.43.1-win32-x64\jre\21.0.7-win32-x86_64\bin\msvcp140.dll
0x00007ffd23f90000 - 0x00007ffd24d20000 	C:\Users\gabri\.vscode\extensions\redhat.java-1.43.1-win32-x64\jre\21.0.7-win32-x86_64\bin\server\jvm.dll
0x00007ffda27c0000 - 0x00007ffda2874000 	C:\WINDOWS\System32\ADVAPI32.dll
0x00007ffda1710000 - 0x00007ffda17b6000 	C:\WINDOWS\System32\sechost.dll
0x00007ffda1d20000 - 0x00007ffda1e38000 	C:\WINDOWS\System32\RPCRT4.dll
0x00007ffda1e40000 - 0x00007ffda1eb4000 	C:\WINDOWS\System32\WS2_32.dll
0x00007ffda0420000 - 0x00007ffda047e000 	C:\WINDOWS\SYSTEM32\POWRPROF.dll
0x00007ffd98f80000 - 0x00007ffd98fb5000 	C:\WINDOWS\SYSTEM32\WINMM.dll
0x00007ffd98fc0000 - 0x00007ffd98fcb000 	C:\WINDOWS\SYSTEM32\VERSION.dll
0x00007ffda0400000 - 0x00007ffda0414000 	C:\WINDOWS\SYSTEM32\UMPDC.dll
0x00007ffd9f350000 - 0x00007ffd9f36b000 	C:\WINDOWS\SYSTEM32\kernel.appcore.dll
0x00007ffd8a040000 - 0x00007ffd8a04a000 	C:\Users\gabri\.vscode\extensions\redhat.java-1.43.1-win32-x64\jre\21.0.7-win32-x86_64\bin\jimage.dll
0x00007ffd944e0000 - 0x00007ffd94721000 	C:\WINDOWS\SYSTEM32\DBGHELP.DLL
0x00007ffda1940000 - 0x00007ffda1cc6000 	C:\WINDOWS\System32\combase.dll
0x00007ffda26d0000 - 0x00007ffda27b0000 	C:\WINDOWS\System32\OLEAUT32.dll
0x00007ffd90b40000 - 0x00007ffd90b83000 	C:\WINDOWS\SYSTEM32\dbgcore.DLL
0x00007ffda0c30000 - 0x00007ffda0cc9000 	C:\WINDOWS\System32\bcryptPrimitives.dll
0x00007ffd89f90000 - 0x00007ffd89f9f000 	C:\Users\gabri\.vscode\extensions\redhat.java-1.43.1-win32-x64\jre\21.0.7-win32-x86_64\bin\instrument.dll
0x00007ffd530e0000 - 0x00007ffd530ff000 	C:\Users\gabri\.vscode\extensions\redhat.java-1.43.1-win32-x64\jre\21.0.7-win32-x86_64\bin\java.dll
0x00007ffda29f0000 - 0x00007ffda313a000 	C:\WINDOWS\System32\SHELL32.dll
0x00007ffda05b0000 - 0x00007ffda0724000 	C:\WINDOWS\System32\wintypes.dll
0x00007ffd9e1c0000 - 0x00007ffd9ea1b000 	C:\WINDOWS\SYSTEM32\windows.storage.dll
0x00007ffda25a0000 - 0x00007ffda2695000 	C:\WINDOWS\System32\SHCORE.dll
0x00007ffda3140000 - 0x00007ffda31aa000 	C:\WINDOWS\System32\shlwapi.dll
0x00007ffda04c0000 - 0x00007ffda04ef000 	C:\WINDOWS\SYSTEM32\profapi.dll
0x00007ffd592e0000 - 0x00007ffd592f8000 	C:\Users\gabri\.vscode\extensions\redhat.java-1.43.1-win32-x64\jre\21.0.7-win32-x86_64\bin\zip.dll
0x00007ffd89fd0000 - 0x00007ffd89fe0000 	C:\Users\gabri\.vscode\extensions\redhat.java-1.43.1-win32-x64\jre\21.0.7-win32-x86_64\bin\net.dll
0x00007ffd9a460000 - 0x00007ffd9a57e000 	C:\WINDOWS\SYSTEM32\WINHTTP.dll
0x00007ffd9f8e0000 - 0x00007ffd9f94a000 	C:\WINDOWS\system32\mswsock.dll
0x00007ffd516a0000 - 0x00007ffd516b6000 	C:\Users\gabri\.vscode\extensions\redhat.java-1.43.1-win32-x64\jre\21.0.7-win32-x86_64\bin\nio.dll
0x00007ffd88cf0000 - 0x00007ffd88d00000 	C:\Users\gabri\.vscode\extensions\redhat.java-1.43.1-win32-x64\jre\21.0.7-win32-x86_64\bin\verify.dll
0x00007ffd2f1a0000 - 0x00007ffd2f1c7000 	C:\Users\gabri\.gradle\native\1def1411415f61bf3af743bc5b6707747c0891f09f0c88961ee8f79bc544acac\windows-amd64\native-platform.dll
0x0000000066f00000 - 0x0000000066f73000 	C:\Users\gabri\.gradle\native\0.2.5\x86_64-windows-gnu\gradle-fileevents.dll
0x00007ffd826d0000 - 0x00007ffd826da000 	C:\Users\gabri\.vscode\extensions\redhat.java-1.43.1-win32-x64\jre\21.0.7-win32-x86_64\bin\management.dll
0x00007ffd7a6a0000 - 0x00007ffd7a6ab000 	C:\Users\gabri\.vscode\extensions\redhat.java-1.43.1-win32-x64\jre\21.0.7-win32-x86_64\bin\management_ext.dll
0x00007ffda31b0000 - 0x00007ffda31b8000 	C:\WINDOWS\System32\PSAPI.DLL
0x00007ffd9fb90000 - 0x00007ffd9fbab000 	C:\WINDOWS\SYSTEM32\CRYPTSP.dll
0x00007ffd9f290000 - 0x00007ffd9f2cb000 	C:\WINDOWS\system32\rsaenh.dll
0x00007ffd9f980000 - 0x00007ffd9f9ab000 	C:\WINDOWS\SYSTEM32\USERENV.dll
0x00007ffda0490000 - 0x00007ffda04b6000 	C:\WINDOWS\SYSTEM32\bcrypt.dll
0x00007ffd9fbb0000 - 0x00007ffd9fbbc000 	C:\WINDOWS\SYSTEM32\CRYPTBASE.dll
0x00007ffd9ed30000 - 0x00007ffd9ed63000 	C:\WINDOWS\SYSTEM32\IPHLPAPI.DLL
0x00007ffda21f0000 - 0x00007ffda21fa000 	C:\WINDOWS\System32\NSI.dll
0x00007ffd7a350000 - 0x00007ffd7a359000 	C:\Users\gabri\.vscode\extensions\redhat.java-1.43.1-win32-x64\jre\21.0.7-win32-x86_64\bin\extnet.dll
0x00007ffd7a640000 - 0x00007ffd7a64e000 	C:\Users\gabri\.vscode\extensions\redhat.java-1.43.1-win32-x64\jre\21.0.7-win32-x86_64\bin\sunmscapi.dll
0x00007ffda0ab0000 - 0x00007ffda0c27000 	C:\WINDOWS\System32\CRYPT32.dll
0x00007ffd9fdb0000 - 0x00007ffd9fde0000 	C:\WINDOWS\SYSTEM32\ncrypt.dll
0x00007ffd9fd60000 - 0x00007ffd9fd9f000 	C:\WINDOWS\SYSTEM32\NTASN1.dll
0x00007ffd9ad80000 - 0x00007ffd9ad88000 	C:\WINDOWS\system32\wshunix.dll
0x0000000066e80000 - 0x0000000066ef3000 	C:\Users\gabri\AppData\Local\Temp\native-platform8703300219121863881dir\gradle-fileevents.dll
0x00007ffd731d0000 - 0x00007ffd731e8000 	C:\WINDOWS\system32\napinsp.dll
0x00007ffd9edc0000 - 0x00007ffd9eee6000 	C:\WINDOWS\SYSTEM32\DNSAPI.dll
0x00007ffd731b0000 - 0x00007ffd731c2000 	C:\WINDOWS\System32\winrnr.dll
0x00007ffd73170000 - 0x00007ffd731a0000 	C:\WINDOWS\system32\nlansp_c.dll
0x00007ffd73140000 - 0x00007ffd73160000 	C:\WINDOWS\system32\wshbth.dll
0x00007ffd99d50000 - 0x00007ffd99d5b000 	C:\Windows\System32\rasadhlp.dll
0x00007ffd9b430000 - 0x00007ffd9b4b6000 	C:\WINDOWS\System32\fwpuclnt.dll
0x00007ffd96e60000 - 0x00007ffd96e67000 	C:\Users\gabri\.vscode\extensions\redhat.java-1.43.1-win32-x64\jre\21.0.7-win32-x86_64\bin\rmi.dll

dbghelp: loaded successfully - version: 4.0.5 - missing functions: none
symbol engine: initialized successfully - sym options: 0x614 - pdb path: .;C:\Users\gabri\.vscode\extensions\redhat.java-1.43.1-win32-x64\jre\21.0.7-win32-x86_64\bin;C:\WINDOWS\SYSTEM32;C:\WINDOWS\WinSxS\amd64_microsoft.windows.common-controls_6595b64144ccf1df_6.0.26100.4484_none_3e0e6d4ce32ef3b3;C:\Users\gabri\.vscode\extensions\redhat.java-1.43.1-win32-x64\jre\21.0.7-win32-x86_64\bin\server;C:\Users\gabri\.gradle\native\1def1411415f61bf3af743bc5b6707747c0891f09f0c88961ee8f79bc544acac\windows-amd64;C:\Users\gabri\.gradle\native\0.2.5\x86_64-windows-gnu;C:\Users\gabri\AppData\Local\Temp\native-platform8703300219121863881dir

VM Arguments:
jvm_args: --add-opens=java.base/java.lang=ALL-UNNAMED --add-opens=java.base/java.lang.invoke=ALL-UNNAMED --add-opens=java.base/java.util=ALL-UNNAMED --add-opens=java.prefs/java.util.prefs=ALL-UNNAMED --add-exports=jdk.compiler/com.sun.tools.javac.api=ALL-UNNAMED --add-exports=jdk.compiler/com.sun.tools.javac.util=ALL-UNNAMED --add-opens=java.base/java.util=ALL-UNNAMED --add-opens=java.prefs/java.util.prefs=ALL-UNNAMED --add-opens=java.base/java.nio.charset=ALL-UNNAMED --add-opens=java.base/java.net=ALL-UNNAMED --add-opens=java.base/java.util.concurrent.atomic=ALL-UNNAMED --add-opens=java.xml/javax.xml.namespace=ALL-UNNAMED -XX:MaxMetaspaceSize=4G -XX:ReservedCodeCacheSize=512m -XX:+HeapDumpOnOutOfMemoryError -Xmx8G -Dfile.encoding=UTF-8 -Duser.country=BR -Duser.language=pt -Duser.variant -javaagent:C:\Users\gabri\.gradle\wrapper\dists\gradle-8.12-all\ejduaidbjup3bmmkhw3rie4zb\gradle-8.12\lib\agents\gradle-instrumentation-agent-8.12.jar 
java_command: org.gradle.launcher.daemon.bootstrap.GradleDaemon 8.12
java_class_path (initial): C:\Users\gabri\.gradle\wrapper\dists\gradle-8.12-all\ejduaidbjup3bmmkhw3rie4zb\gradle-8.12\lib\gradle-daemon-main-8.12.jar
Launcher Type: SUN_STANDARD

[Global flags]
     intx CICompilerCount                          = 4                                         {product} {ergonomic}
     uint ConcGCThreads                            = 3                                         {product} {ergonomic}
     uint G1ConcRefinementThreads                  = 10                                        {product} {ergonomic}
   size_t G1HeapRegionSize                         = 4194304                                   {product} {ergonomic}
    uintx GCDrainStackTargetSize                   = 64                                        {product} {ergonomic}
     bool HeapDumpOnOutOfMemoryError               = true                                   {manageable} {command line}
   size_t InitialHeapSize                          = 260046848                                 {product} {ergonomic}
   size_t MarkStackSize                            = 4194304                                   {product} {ergonomic}
   size_t MaxHeapSize                              = 8589934592                                {product} {command line}
   size_t MaxMetaspaceSize                         = 4294967296                                {product} {command line}
   size_t MaxNewSize                               = 5150605312                                {product} {ergonomic}
   size_t MinHeapDeltaBytes                        = 4194304                                   {product} {ergonomic}
   size_t MinHeapSize                              = 8388608                                   {product} {ergonomic}
    uintx NonNMethodCodeHeapSize                   = 5839372                                {pd product} {ergonomic}
    uintx NonProfiledCodeHeapSize                  = 265515770                              {pd product} {ergonomic}
    uintx ProfiledCodeHeapSize                     = 265515770                              {pd product} {ergonomic}
    uintx ReservedCodeCacheSize                    = 536870912                              {pd product} {command line}
     bool SegmentedCodeCache                       = true                                      {product} {ergonomic}
   size_t SoftMaxHeapSize                          = 8589934592                             {manageable} {ergonomic}
     bool UseCompressedOops                        = true                           {product lp64_product} {ergonomic}
     bool UseG1GC                                  = true                                      {product} {ergonomic}
     bool UseLargePagesIndividualAllocation        = false                                  {pd product} {ergonomic}

Logging:
Log output configuration:
 #0: stdout all=warning uptime,level,tags foldmultilines=false
 #1: stderr all=off uptime,level,tags foldmultilines=false

Environment Variables:
PATH=C:\Program Files\Common Files\Oracle\Java\javapath;C:\Program Files (x86)\Common Files\Oracle\Java\java8path;C:\Program Files (x86)\Common Files\Oracle\Java\javapath;C:\Python312\Scripts\;C:\Python312\;C:\Windows\system32;C:\Windows;C:\Windows\System32\Wbem;C:\Windows\System32\WindowsPowerShell\v1.0\;C:\Windows\System32\OpenSSH\;C:\Program Files\dotnet\;C:\Program Files\NVIDIA Corporation\NVIDIA NvDLISR;C:\Program Files (x86)\NVIDIA Corporation\PhysX\Common;C:\ProgramData\chocolatey\bin;C:\Program Files\Git\cmd;C:\Program Files\nodejs\;C:\Program Files\Java\jdk-23\bin;;C:\WINDOWS\system32;C:\WINDOWS;C:\WINDOWS\System32\Wbem;C:\WINDOWS\System32\WindowsPowerShell\v1.0\;C:\WINDOWS\System32\OpenSSH\;C:\Program Files\Go\bin;C:\Users\gabri\.cargo\bin;C:\Users\gabri\AppData\Local\Programs\Python\Python311\Scripts\;C:\Users\gabri\AppData\Local\Programs\Python\Python311\;C:\Users\gabri\AppData\Local\Microsoft\WindowsApps;C:\Users\gabri\AppData\Local\Programs\Microsoft VS Code\bin;C:\MinGW\bin;C:\Users\gabri\AppData\Local\GitHubDesktop\bin;C:\Users\gabri\.dotnet\tools;C:\Users\gabri\AppData\Roaming\npm;C:\Users\gabri\go\bin;C:\dev\flutter\bin
USERNAME=gabri
OS=Windows_NT
PROCESSOR_IDENTIFIER=AMD64 Family 25 Model 80 Stepping 0, AuthenticAMD
TMP=C:\Users\gabri\AppData\Local\Temp
TEMP=C:\Users\gabri\AppData\Local\Temp




Periodic native trim disabled

---------------  S Y S T E M  ---------------

OS:
 Windows 11 , 64 bit Build 26100 (10.0.26100.4484)
OS uptime: 0 days 13:39 hours
Hyper-V role detected

CPU: total 12 (initial active 12) (12 cores per cpu, 2 threads per core) family 25 model 80 stepping 0 microcode 0xa500011, cx8, cmov, fxsr, ht, mmx, 3dnowpref, sse, sse2, sse3, ssse3, sse4a, sse4.1, sse4.2, popcnt, lzcnt, tsc, tscinvbit, avx, avx2, aes, erms, clmul, bmi1, bmi2, adx, sha, fma, vzeroupper, clflush, clflushopt, hv, rdtscp, rdpid, fsrm, f16c, cet_ss
Processor Information for the first 12 processors :
  Max Mhz: 3301, Current Mhz: 2011, Mhz Limit: 3301

Memory: 4k page, system-wide physical 15720M (2709M free)
TotalPageFile size 18720M (AvailPageFile size 3M)
current process WorkingSet (physical memory assigned to process): 596M, peak: 601M
current process commit charge ("private bytes"): 637M, peak: 642M

vm_info: OpenJDK 64-Bit Server VM (21.0.7+6-LTS) for windows-amd64 JRE (21.0.7+6-LTS), built on 2025-04-15T00:00:00Z by "admin" with MS VC++ 17.7 (VS2022)

END.
